{
  "/Users/alvarosabu/Projects/storyblok/storyblok-richtext/src/images-optimization.test.ts": { "path": "/Users/alvarosabu/Projects/storyblok/storyblok-richtext/src/images-optimization.test.ts", "all": false, "statementMap": { "0": { "start": { "line": 1, "column": 0 }, "end": { "line": 1, "column": 49 } }, "2": { "start": { "line": 3, "column": 0 }, "end": { "line": 3, "column": 53 } }, "4": { "start": { "line": 5, "column": 0 }, "end": { "line": 5, "column": 39 } }, "5": { "start": { "line": 6, "column": 0 }, "end": { "line": 6, "column": 77 } }, "6": { "start": { "line": 7, "column": 0 }, "end": { "line": 7, "column": 85 } }, "7": { "start": { "line": 8, "column": 0 }, "end": { "line": 8, "column": 49 } }, "8": { "start": { "line": 9, "column": 0 }, "end": { "line": 9, "column": 31 } }, "9": { "start": { "line": 10, "column": 0 }, "end": { "line": 10, "column": 4 } }, "11": { "start": { "line": 12, "column": 0 }, "end": { "line": 12, "column": 81 } }, "12": { "start": { "line": 13, "column": 0 }, "end": { "line": 13, "column": 85 } }, "13": { "start": { "line": 14, "column": 0 }, "end": { "line": 14, "column": 40 } }, "14": { "start": { "line": 15, "column": 0 }, "end": { "line": 15, "column": 29 } }, "15": { "start": { "line": 16, "column": 0 }, "end": { "line": 16, "column": 4 } }, "17": { "start": { "line": 18, "column": 0 }, "end": { "line": 18, "column": 89 } }, "18": { "start": { "line": 19, "column": 0 }, "end": { "line": 19, "column": 85 } }, "19": { "start": { "line": 20, "column": 0 }, "end": { "line": 20, "column": 55 } }, "20": { "start": { "line": 21, "column": 0 }, "end": { "line": 21, "column": 39 } }, "21": { "start": { "line": 22, "column": 0 }, "end": { "line": 22, "column": 4 } }, "23": { "start": { "line": 24, "column": 0 }, "end": { "line": 24, "column": 72 } }, "24": { "start": { "line": 25, "column": 0 }, "end": { "line": 25, "column": 85 } }, "25": { "start": { "line": 26, "column": 0 }, "end": { "line": 26, "column": 78 } }, "26": { "start": { "line": 27, "column": 0 }, "end": { "line": 27, "column": 47 } }, "27": { "start": { "line": 28, "column": 0 }, "end": { "line": 28, "column": 4 } }, "29": { "start": { "line": 30, "column": 0 }, "end": { "line": 30, "column": 78 } }, "30": { "start": { "line": 31, "column": 0 }, "end": { "line": 31, "column": 85 } }, "31": { "start": { "line": 32, "column": 0 }, "end": { "line": 32, "column": 52 } }, "32": { "start": { "line": 33, "column": 0 }, "end": { "line": 33, "column": 53 } }, "33": { "start": { "line": 34, "column": 0 }, "end": { "line": 34, "column": 103 } }, "34": { "start": { "line": 35, "column": 0 }, "end": { "line": 35, "column": 32 } }, "35": { "start": { "line": 36, "column": 0 }, "end": { "line": 36, "column": 4 } }, "37": { "start": { "line": 38, "column": 0 }, "end": { "line": 38, "column": 77 } }, "38": { "start": { "line": 39, "column": 0 }, "end": { "line": 39, "column": 85 } }, "39": { "start": { "line": 40, "column": 0 }, "end": { "line": 40, "column": 52 } }, "40": { "start": { "line": 41, "column": 0 }, "end": { "line": 41, "column": 52 } }, "41": { "start": { "line": 42, "column": 0 }, "end": { "line": 42, "column": 103 } }, "42": { "start": { "line": 43, "column": 0 }, "end": { "line": 43, "column": 32 } }, "43": { "start": { "line": 44, "column": 0 }, "end": { "line": 44, "column": 4 } }, "45": { "start": { "line": 46, "column": 0 }, "end": { "line": 46, "column": 63 } }, "46": { "start": { "line": 47, "column": 0 }, "end": { "line": 47, "column": 85 } }, "47": { "start": { "line": 48, "column": 0 }, "end": { "line": 48, "column": 69 } }, "48": { "start": { "line": 49, "column": 0 }, "end": { "line": 49, "column": 54 } }, "49": { "start": { "line": 50, "column": 0 }, "end": { "line": 50, "column": 4 } }, "51": { "start": { "line": 52, "column": 0 }, "end": { "line": 52, "column": 80 } }, "52": { "start": { "line": 53, "column": 0 }, "end": { "line": 53, "column": 85 } }, "53": { "start": { "line": 54, "column": 0 }, "end": { "line": 54, "column": 52 } }, "54": { "start": { "line": 55, "column": 0 }, "end": { "line": 55, "column": 53 } }, "55": { "start": { "line": 56, "column": 0 }, "end": { "line": 56, "column": 104 } }, "56": { "start": { "line": 57, "column": 0 }, "end": { "line": 57, "column": 32 } }, "57": { "start": { "line": 58, "column": 0 }, "end": { "line": 58, "column": 4 } }, "59": { "start": { "line": 60, "column": 0 }, "end": { "line": 60, "column": 79 } }, "60": { "start": { "line": 61, "column": 0 }, "end": { "line": 61, "column": 85 } }, "61": { "start": { "line": 62, "column": 0 }, "end": { "line": 62, "column": 52 } }, "62": { "start": { "line": 63, "column": 0 }, "end": { "line": 63, "column": 52 } }, "63": { "start": { "line": 64, "column": 0 }, "end": { "line": 64, "column": 104 } }, "64": { "start": { "line": 65, "column": 0 }, "end": { "line": 65, "column": 32 } }, "65": { "start": { "line": 66, "column": 0 }, "end": { "line": 66, "column": 4 } }, "67": { "start": { "line": 68, "column": 0 }, "end": { "line": 68, "column": 62 } }, "68": { "start": { "line": 69, "column": 0 }, "end": { "line": 69, "column": 85 } }, "69": { "start": { "line": 70, "column": 0 }, "end": { "line": 70, "column": 61 } }, "70": { "start": { "line": 71, "column": 0 }, "end": { "line": 71, "column": 46 } }, "71": { "start": { "line": 72, "column": 0 }, "end": { "line": 72, "column": 4 } }, "73": { "start": { "line": 74, "column": 0 }, "end": { "line": 74, "column": 60 } }, "74": { "start": { "line": 75, "column": 0 }, "end": { "line": 75, "column": 85 } }, "75": { "start": { "line": 76, "column": 0 }, "end": { "line": 76, "column": 59 } }, "76": { "start": { "line": 77, "column": 0 }, "end": { "line": 77, "column": 44 } }, "77": { "start": { "line": 78, "column": 0 }, "end": { "line": 78, "column": 4 } }, "79": { "start": { "line": 80, "column": 0 }, "end": { "line": 80, "column": 56 } }, "80": { "start": { "line": 81, "column": 0 }, "end": { "line": 81, "column": 85 } }, "81": { "start": { "line": 82, "column": 0 }, "end": { "line": 82, "column": 75 } }, "82": { "start": { "line": 83, "column": 0 }, "end": { "line": 83, "column": 54 } }, "83": { "start": { "line": 84, "column": 0 }, "end": { "line": 84, "column": 4 } }, "85": { "start": { "line": 86, "column": 0 }, "end": { "line": 86, "column": 73 } }, "86": { "start": { "line": 87, "column": 0 }, "end": { "line": 87, "column": 85 } }, "87": { "start": { "line": 88, "column": 0 }, "end": { "line": 88, "column": 52 } }, "88": { "start": { "line": 89, "column": 0 }, "end": { "line": 89, "column": 50 } }, "89": { "start": { "line": 90, "column": 0 }, "end": { "line": 90, "column": 117 } }, "90": { "start": { "line": 91, "column": 0 }, "end": { "line": 91, "column": 32 } }, "91": { "start": { "line": 92, "column": 0 }, "end": { "line": 92, "column": 4 } }, "93": { "start": { "line": 94, "column": 0 }, "end": { "line": 94, "column": 72 } }, "94": { "start": { "line": 95, "column": 0 }, "end": { "line": 95, "column": 85 } }, "95": { "start": { "line": 96, "column": 0 }, "end": { "line": 96, "column": 52 } }, "96": { "start": { "line": 97, "column": 0 }, "end": { "line": 97, "column": 49 } }, "97": { "start": { "line": 98, "column": 0 }, "end": { "line": 98, "column": 117 } }, "98": { "start": { "line": 99, "column": 0 }, "end": { "line": 99, "column": 32 } }, "99": { "start": { "line": 100, "column": 0 }, "end": { "line": 100, "column": 4 } }, "101": { "start": { "line": 102, "column": 0 }, "end": { "line": 102, "column": 77 } }, "102": { "start": { "line": 103, "column": 0 }, "end": { "line": 103, "column": 85 } }, "103": { "start": { "line": 104, "column": 0 }, "end": { "line": 104, "column": 52 } }, "104": { "start": { "line": 105, "column": 0 }, "end": { "line": 105, "column": 50 } }, "105": { "start": { "line": 106, "column": 0 }, "end": { "line": 106, "column": 117 } }, "106": { "start": { "line": 107, "column": 0 }, "end": { "line": 107, "column": 32 } }, "107": { "start": { "line": 108, "column": 0 }, "end": { "line": 108, "column": 4 } }, "109": { "start": { "line": 110, "column": 0 }, "end": { "line": 110, "column": 62 } }, "110": { "start": { "line": 111, "column": 0 }, "end": { "line": 111, "column": 85 } }, "111": { "start": { "line": 112, "column": 0 }, "end": { "line": 112, "column": 83 } }, "112": { "start": { "line": 113, "column": 0 }, "end": { "line": 113, "column": 62 } }, "113": { "start": { "line": 114, "column": 0 }, "end": { "line": 114, "column": 4 } }, "115": { "start": { "line": 116, "column": 0 }, "end": { "line": 116, "column": 79 } }, "116": { "start": { "line": 117, "column": 0 }, "end": { "line": 117, "column": 85 } }, "117": { "start": { "line": 118, "column": 0 }, "end": { "line": 118, "column": 52 } }, "118": { "start": { "line": 119, "column": 0 }, "end": { "line": 119, "column": 58 } }, "119": { "start": { "line": 120, "column": 0 }, "end": { "line": 120, "column": 123 } }, "120": { "start": { "line": 121, "column": 0 }, "end": { "line": 121, "column": 32 } }, "121": { "start": { "line": 122, "column": 0 }, "end": { "line": 122, "column": 4 } }, "123": { "start": { "line": 124, "column": 0 }, "end": { "line": 124, "column": 78 } }, "124": { "start": { "line": 125, "column": 0 }, "end": { "line": 125, "column": 85 } }, "125": { "start": { "line": 126, "column": 0 }, "end": { "line": 126, "column": 52 } }, "126": { "start": { "line": 127, "column": 0 }, "end": { "line": 127, "column": 57 } }, "127": { "start": { "line": 128, "column": 0 }, "end": { "line": 128, "column": 123 } }, "128": { "start": { "line": 129, "column": 0 }, "end": { "line": 129, "column": 32 } }, "129": { "start": { "line": 130, "column": 0 }, "end": { "line": 130, "column": 4 } }, "131": { "start": { "line": 132, "column": 0 }, "end": { "line": 132, "column": 83 } }, "132": { "start": { "line": 133, "column": 0 }, "end": { "line": 133, "column": 85 } }, "133": { "start": { "line": 134, "column": 0 }, "end": { "line": 134, "column": 52 } }, "134": { "start": { "line": 135, "column": 0 }, "end": { "line": 135, "column": 56 } }, "135": { "start": { "line": 136, "column": 0 }, "end": { "line": 136, "column": 123 } }, "136": { "start": { "line": 137, "column": 0 }, "end": { "line": 137, "column": 32 } }, "137": { "start": { "line": 138, "column": 0 }, "end": { "line": 138, "column": 4 } }, "139": { "start": { "line": 140, "column": 0 }, "end": { "line": 140, "column": 56 } }, "140": { "start": { "line": 141, "column": 0 }, "end": { "line": 141, "column": 85 } }, "141": { "start": { "line": 142, "column": 0 }, "end": { "line": 142, "column": 87 } }, "142": { "start": { "line": 143, "column": 0 }, "end": { "line": 143, "column": 64 } }, "143": { "start": { "line": 144, "column": 0 }, "end": { "line": 144, "column": 4 } }, "145": { "start": { "line": 146, "column": 0 }, "end": { "line": 146, "column": 61 } }, "146": { "start": { "line": 147, "column": 0 }, "end": { "line": 147, "column": 85 } }, "147": { "start": { "line": 148, "column": 0 }, "end": { "line": 148, "column": 83 } }, "148": { "start": { "line": 149, "column": 0 }, "end": { "line": 149, "column": 58 } }, "149": { "start": { "line": 150, "column": 0 }, "end": { "line": 150, "column": 4 } }, "151": { "start": { "line": 152, "column": 0 }, "end": { "line": 152, "column": 59 } }, "152": { "start": { "line": 153, "column": 0 }, "end": { "line": 153, "column": 85 } }, "153": { "start": { "line": 154, "column": 0 }, "end": { "line": 154, "column": 79 } }, "154": { "start": { "line": 155, "column": 0 }, "end": { "line": 155, "column": 58 } }, "155": { "start": { "line": 156, "column": 0 }, "end": { "line": 156, "column": 4 } }, "157": { "start": { "line": 158, "column": 0 }, "end": { "line": 158, "column": 76 } }, "158": { "start": { "line": 159, "column": 0 }, "end": { "line": 159, "column": 85 } }, "159": { "start": { "line": 160, "column": 0 }, "end": { "line": 160, "column": 52 } }, "160": { "start": { "line": 161, "column": 0 }, "end": { "line": 161, "column": 54 } }, "161": { "start": { "line": 162, "column": 0 }, "end": { "line": 162, "column": 120 } }, "162": { "start": { "line": 163, "column": 0 }, "end": { "line": 163, "column": 32 } }, "163": { "start": { "line": 164, "column": 0 }, "end": { "line": 164, "column": 4 } }, "165": { "start": { "line": 166, "column": 0 }, "end": { "line": 166, "column": 75 } }, "166": { "start": { "line": 167, "column": 0 }, "end": { "line": 167, "column": 85 } }, "167": { "start": { "line": 168, "column": 0 }, "end": { "line": 168, "column": 52 } }, "168": { "start": { "line": 169, "column": 0 }, "end": { "line": 169, "column": 53 } }, "169": { "start": { "line": 170, "column": 0 }, "end": { "line": 170, "column": 120 } }, "170": { "start": { "line": 171, "column": 0 }, "end": { "line": 171, "column": 32 } }, "171": { "start": { "line": 172, "column": 0 }, "end": { "line": 172, "column": 4 } }, "173": { "start": { "line": 174, "column": 0 }, "end": { "line": 174, "column": 80 } }, "174": { "start": { "line": 175, "column": 0 }, "end": { "line": 175, "column": 85 } }, "175": { "start": { "line": 176, "column": 0 }, "end": { "line": 176, "column": 52 } }, "176": { "start": { "line": 177, "column": 0 }, "end": { "line": 177, "column": 53 } }, "177": { "start": { "line": 178, "column": 0 }, "end": { "line": 178, "column": 120 } }, "178": { "start": { "line": 179, "column": 0 }, "end": { "line": 179, "column": 32 } }, "179": { "start": { "line": 180, "column": 0 }, "end": { "line": 180, "column": 4 } }, "181": { "start": { "line": 182, "column": 0 }, "end": { "line": 182, "column": 58 } }, "182": { "start": { "line": 183, "column": 0 }, "end": { "line": 183, "column": 85 } }, "183": { "start": { "line": 184, "column": 0 }, "end": { "line": 184, "column": 78 } }, "184": { "start": { "line": 185, "column": 0 }, "end": { "line": 185, "column": 57 } }, "185": { "start": { "line": 186, "column": 0 }, "end": { "line": 186, "column": 4 } }, "187": { "start": { "line": 188, "column": 0 }, "end": { "line": 188, "column": 58 } }, "188": { "start": { "line": 189, "column": 0 }, "end": { "line": 189, "column": 85 } }, "189": { "start": { "line": 190, "column": 0 }, "end": { "line": 190, "column": 82 } }, "190": { "start": { "line": 191, "column": 0 }, "end": { "line": 191, "column": 59 } }, "191": { "start": { "line": 192, "column": 0 }, "end": { "line": 192, "column": 4 } }, "193": { "start": { "line": 194, "column": 0 }, "end": { "line": 194, "column": 61 } }, "194": { "start": { "line": 195, "column": 0 }, "end": { "line": 195, "column": 85 } }, "195": { "start": { "line": 196, "column": 0 }, "end": { "line": 196, "column": 21 } }, "196": { "start": { "line": 197, "column": 0 }, "end": { "line": 197, "column": 14 } }, "197": { "start": { "line": 198, "column": 0 }, "end": { "line": 198, "column": 22 } }, "198": { "start": { "line": 199, "column": 0 }, "end": { "line": 199, "column": 26 } }, "199": { "start": { "line": 200, "column": 0 }, "end": { "line": 200, "column": 22 } }, "200": { "start": { "line": 201, "column": 0 }, "end": { "line": 201, "column": 18 } }, "201": { "start": { "line": 202, "column": 0 }, "end": { "line": 202, "column": 17 } }, "202": { "start": { "line": 203, "column": 0 }, "end": { "line": 203, "column": 21 } }, "203": { "start": { "line": 204, "column": 0 }, "end": { "line": 204, "column": 5 } }, "204": { "start": { "line": 205, "column": 0 }, "end": { "line": 205, "column": 62 } }, "205": { "start": { "line": 206, "column": 0 }, "end": { "line": 206, "column": 136 } }, "206": { "start": { "line": 207, "column": 0 }, "end": { "line": 207, "column": 4 } }, "208": { "start": { "line": 209, "column": 0 }, "end": { "line": 209, "column": 71 } }, "209": { "start": { "line": 210, "column": 0 }, "end": { "line": 210, "column": 85 } }, "210": { "start": { "line": 211, "column": 0 }, "end": { "line": 211, "column": 66 } }, "211": { "start": { "line": 212, "column": 0 }, "end": { "line": 212, "column": 39 } }, "212": { "start": { "line": 213, "column": 0 }, "end": { "line": 213, "column": 4 } }, "214": { "start": { "line": 215, "column": 0 }, "end": { "line": 215, "column": 61 } }, "215": { "start": { "line": 216, "column": 0 }, "end": { "line": 216, "column": 85 } }, "216": { "start": { "line": 217, "column": 0 }, "end": { "line": 217, "column": 35 } }, "217": { "start": { "line": 218, "column": 0 }, "end": { "line": 218, "column": 52 } }, "218": { "start": { "line": 219, "column": 0 }, "end": { "line": 219, "column": 290 } }, "219": { "start": { "line": 220, "column": 0 }, "end": { "line": 220, "column": 4 } }, "221": { "start": { "line": 222, "column": 0 }, "end": { "line": 222, "column": 105 } }, "222": { "start": { "line": 223, "column": 0 }, "end": { "line": 223, "column": 85 } }, "223": { "start": { "line": 224, "column": 0 }, "end": { "line": 224, "column": 56 } }, "224": { "start": { "line": 225, "column": 0 }, "end": { "line": 225, "column": 52 } }, "225": { "start": { "line": 226, "column": 0 }, "end": { "line": 226, "column": 296 } }, "226": { "start": { "line": 227, "column": 0 }, "end": { "line": 227, "column": 4 } }, "228": { "start": { "line": 229, "column": 0 }, "end": { "line": 229, "column": 60 } }, "229": { "start": { "line": 230, "column": 0 }, "end": { "line": 230, "column": 85 } }, "230": { "start": { "line": 231, "column": 0 }, "end": { "line": 231, "column": 54 } }, "231": { "start": { "line": 232, "column": 0 }, "end": { "line": 232, "column": 51 } }, "232": { "start": { "line": 233, "column": 0 }, "end": { "line": 233, "column": 70 } }, "233": { "start": { "line": 234, "column": 0 }, "end": { "line": 234, "column": 4 } }, "235": { "start": { "line": 236, "column": 0 }, "end": { "line": 236, "column": 72 } }, "236": { "start": { "line": 237, "column": 0 }, "end": { "line": 237, "column": 85 } }, "237": { "start": { "line": 238, "column": 0 }, "end": { "line": 238, "column": 35 } }, "238": { "start": { "line": 239, "column": 0 }, "end": { "line": 239, "column": 54 } }, "239": { "start": { "line": 240, "column": 0 }, "end": { "line": 240, "column": 59 } }, "240": { "start": { "line": 241, "column": 0 }, "end": { "line": 241, "column": 331 } }, "241": { "start": { "line": 242, "column": 0 }, "end": { "line": 242, "column": 4 } }, "242": { "start": { "line": 243, "column": 0 }, "end": { "line": 243, "column": 2 } } }, "s": { "0": 1, "2": 1, "4": 1, "5": 1, "6": 1, "7": 1, "8": 1, "9": 1, "11": 1, "12": 1, "13": 1, "14": 1, "15": 1, "17": 1, "18": 1, "19": 1, "20": 1, "21": 1, "23": 1, "24": 1, "25": 1, "26": 1, "27": 1, "29": 1, "30": 1, "31": 1, "32": 1, "33": 1, "34": 1, "35": 1, "37": 1, "38": 1, "39": 1, "40": 1, "41": 1, "42": 1, "43": 1, "45": 1, "46": 1, "47": 1, "48": 1, "49": 1, "51": 1, "52": 1, "53": 1, "54": 1, "55": 1, "56": 1, "57": 1, "59": 1, "60": 1, "61": 1, "62": 1, "63": 1, "64": 1, "65": 1, "67": 1, "68": 1, "69": 1, "70": 1, "71": 1, "73": 1, "74": 1, "75": 1, "76": 1, "77": 1, "79": 1, "80": 1, "81": 1, "82": 1, "83": 1, "85": 1, "86": 1, "87": 1, "88": 1, "89": 1, "90": 1, "91": 1, "93": 1, "94": 1, "95": 1, "96": 1, "97": 1, "98": 1, "99": 1, "101": 1, "102": 1, "103": 1, "104": 1, "105": 1, "106": 1, "107": 1, "109": 1, "110": 1, "111": 1, "112": 1, "113": 1, "115": 1, "116": 1, "117": 1, "118": 1, "119": 1, "120": 1, "121": 1, "123": 1, "124": 1, "125": 1, "126": 1, "127": 1, "128": 1, "129": 1, "131": 1, "132": 1, "133": 1, "134": 1, "135": 1, "136": 1, "137": 1, "139": 1, "140": 1, "141": 1, "142": 1, "143": 1, "145": 1, "146": 1, "147": 1, "148": 1, "149": 1, "151": 1, "152": 1, "153": 1, "154": 1, "155": 1, "157": 1, "158": 1, "159": 1, "160": 1, "161": 1, "162": 1, "163": 1, "165": 1, "166": 1, "167": 1, "168": 1, "169": 1, "170": 1, "171": 1, "173": 1, "174": 1, "175": 1, "176": 1, "177": 1, "178": 1, "179": 1, "181": 1, "182": 1, "183": 1, "184": 1, "185": 1, "187": 1, "188": 1, "189": 1, "190": 1, "191": 1, "193": 1, "194": 1, "195": 1, "196": 1, "197": 1, "198": 1, "199": 1, "200": 1, "201": 1, "202": 1, "203": 1, "204": 1, "205": 1, "206": 1, "208": 1, "209": 1, "210": 1, "211": 1, "212": 1, "214": 1, "215": 1, "216": 1, "217": 1, "218": 1, "219": 1, "221": 1, "222": 1, "223": 1, "224": 1, "225": 1, "226": 1, "228": 1, "229": 1, "230": 1, "231": 1, "232": 1, "233": 1, "235": 1, "236": 1, "237": 1, "238": 1, "239": 1, "240": 1, "241": 1, "242": 1 }, "branchMap": { "0": { "type": "branch", "line": 5, "loc": { "start": { "line": 5, "column": 32 }, "end": { "line": 243, "column": 2 } }, "locations": [{ "start": { "line": 5, "column": 32 }, "end": { "line": 243, "column": 2 } }] }, "1": { "type": "branch", "line": 6, "loc": { "start": { "line": 6, "column": 64 }, "end": { "line": 10, "column": 3 } }, "locations": [{ "start": { "line": 6, "column": 64 }, "end": { "line": 10, "column": 3 } }] }, "2": { "type": "branch", "line": 12, "loc": { "start": { "line": 12, "column": 68 }, "end": { "line": 16, "column": 3 } }, "locations": [{ "start": { "line": 12, "column": 68 }, "end": { "line": 16, "column": 3 } }] }, "3": { "type": "branch", "line": 18, "loc": { "start": { "line": 18, "column": 76 }, "end": { "line": 22, "column": 3 } }, "locations": [{ "start": { "line": 18, "column": 76 }, "end": { "line": 22, "column": 3 } }] }, "4": { "type": "branch", "line": 24, "loc": { "start": { "line": 24, "column": 59 }, "end": { "line": 28, "column": 3 } }, "locations": [{ "start": { "line": 24, "column": 59 }, "end": { "line": 28, "column": 3 } }] }, "5": { "type": "branch", "line": 30, "loc": { "start": { "line": 30, "column": 65 }, "end": { "line": 36, "column": 3 } }, "locations": [{ "start": { "line": 30, "column": 65 }, "end": { "line": 36, "column": 3 } }] }, "6": { "type": "branch", "line": 38, "loc": { "start": { "line": 38, "column": 64 }, "end": { "line": 44, "column": 3 } }, "locations": [{ "start": { "line": 38, "column": 64 }, "end": { "line": 44, "column": 3 } }] }, "7": { "type": "branch", "line": 46, "loc": { "start": { "line": 46, "column": 50 }, "end": { "line": 50, "column": 3 } }, "locations": [{ "start": { "line": 46, "column": 50 }, "end": { "line": 50, "column": 3 } }] }, "8": { "type": "branch", "line": 52, "loc": { "start": { "line": 52, "column": 67 }, "end": { "line": 58, "column": 3 } }, "locations": [{ "start": { "line": 52, "column": 67 }, "end": { "line": 58, "column": 3 } }] }, "9": { "type": "branch", "line": 60, "loc": { "start": { "line": 60, "column": 66 }, "end": { "line": 66, "column": 3 } }, "locations": [{ "start": { "line": 60, "column": 66 }, "end": { "line": 66, "column": 3 } }] }, "10": { "type": "branch", "line": 68, "loc": { "start": { "line": 68, "column": 49 }, "end": { "line": 72, "column": 3 } }, "locations": [{ "start": { "line": 68, "column": 49 }, "end": { "line": 72, "column": 3 } }] }, "11": { "type": "branch", "line": 74, "loc": { "start": { "line": 74, "column": 47 }, "end": { "line": 78, "column": 3 } }, "locations": [{ "start": { "line": 74, "column": 47 }, "end": { "line": 78, "column": 3 } }] }, "12": { "type": "branch", "line": 80, "loc": { "start": { "line": 80, "column": 43 }, "end": { "line": 84, "column": 3 } }, "locations": [{ "start": { "line": 80, "column": 43 }, "end": { "line": 84, "column": 3 } }] }, "13": { "type": "branch", "line": 86, "loc": { "start": { "line": 86, "column": 60 }, "end": { "line": 92, "column": 3 } }, "locations": [{ "start": { "line": 86, "column": 60 }, "end": { "line": 92, "column": 3 } }] }, "14": { "type": "branch", "line": 94, "loc": { "start": { "line": 94, "column": 59 }, "end": { "line": 100, "column": 3 } }, "locations": [{ "start": { "line": 94, "column": 59 }, "end": { "line": 100, "column": 3 } }] }, "15": { "type": "branch", "line": 102, "loc": { "start": { "line": 102, "column": 64 }, "end": { "line": 108, "column": 3 } }, "locations": [{ "start": { "line": 102, "column": 64 }, "end": { "line": 108, "column": 3 } }] }, "16": { "type": "branch", "line": 110, "loc": { "start": { "line": 110, "column": 49 }, "end": { "line": 114, "column": 3 } }, "locations": [{ "start": { "line": 110, "column": 49 }, "end": { "line": 114, "column": 3 } }] }, "17": { "type": "branch", "line": 116, "loc": { "start": { "line": 116, "column": 66 }, "end": { "line": 122, "column": 3 } }, "locations": [{ "start": { "line": 116, "column": 66 }, "end": { "line": 122, "column": 3 } }] }, "18": { "type": "branch", "line": 124, "loc": { "start": { "line": 124, "column": 65 }, "end": { "line": 130, "column": 3 } }, "locations": [{ "start": { "line": 124, "column": 65 }, "end": { "line": 130, "column": 3 } }] }, "19": { "type": "branch", "line": 132, "loc": { "start": { "line": 132, "column": 70 }, "end": { "line": 138, "column": 3 } }, "locations": [{ "start": { "line": 132, "column": 70 }, "end": { "line": 138, "column": 3 } }] }, "20": { "type": "branch", "line": 140, "loc": { "start": { "line": 140, "column": 43 }, "end": { "line": 144, "column": 3 } }, "locations": [{ "start": { "line": 140, "column": 43 }, "end": { "line": 144, "column": 3 } }] }, "21": { "type": "branch", "line": 146, "loc": { "start": { "line": 146, "column": 48 }, "end": { "line": 150, "column": 3 } }, "locations": [{ "start": { "line": 146, "column": 48 }, "end": { "line": 150, "column": 3 } }] }, "22": { "type": "branch", "line": 152, "loc": { "start": { "line": 152, "column": 46 }, "end": { "line": 156, "column": 3 } }, "locations": [{ "start": { "line": 152, "column": 46 }, "end": { "line": 156, "column": 3 } }] }, "23": { "type": "branch", "line": 158, "loc": { "start": { "line": 158, "column": 63 }, "end": { "line": 164, "column": 3 } }, "locations": [{ "start": { "line": 158, "column": 63 }, "end": { "line": 164, "column": 3 } }] }, "24": { "type": "branch", "line": 166, "loc": { "start": { "line": 166, "column": 62 }, "end": { "line": 172, "column": 3 } }, "locations": [{ "start": { "line": 166, "column": 62 }, "end": { "line": 172, "column": 3 } }] }, "25": { "type": "branch", "line": 174, "loc": { "start": { "line": 174, "column": 67 }, "end": { "line": 180, "column": 3 } }, "locations": [{ "start": { "line": 174, "column": 67 }, "end": { "line": 180, "column": 3 } }] }, "26": { "type": "branch", "line": 182, "loc": { "start": { "line": 182, "column": 45 }, "end": { "line": 186, "column": 3 } }, "locations": [{ "start": { "line": 182, "column": 45 }, "end": { "line": 186, "column": 3 } }] }, "27": { "type": "branch", "line": 188, "loc": { "start": { "line": 188, "column": 45 }, "end": { "line": 192, "column": 3 } }, "locations": [{ "start": { "line": 188, "column": 45 }, "end": { "line": 192, "column": 3 } }] }, "28": { "type": "branch", "line": 194, "loc": { "start": { "line": 194, "column": 48 }, "end": { "line": 207, "column": 3 } }, "locations": [{ "start": { "line": 194, "column": 48 }, "end": { "line": 207, "column": 3 } }] }, "29": { "type": "branch", "line": 209, "loc": { "start": { "line": 209, "column": 58 }, "end": { "line": 213, "column": 3 } }, "locations": [{ "start": { "line": 209, "column": 58 }, "end": { "line": 213, "column": 3 } }] }, "30": { "type": "branch", "line": 215, "loc": { "start": { "line": 215, "column": 48 }, "end": { "line": 220, "column": 3 } }, "locations": [{ "start": { "line": 215, "column": 48 }, "end": { "line": 220, "column": 3 } }] }, "31": { "type": "branch", "line": 222, "loc": { "start": { "line": 222, "column": 92 }, "end": { "line": 227, "column": 3 } }, "locations": [{ "start": { "line": 222, "column": 92 }, "end": { "line": 227, "column": 3 } }] }, "32": { "type": "branch", "line": 229, "loc": { "start": { "line": 229, "column": 47 }, "end": { "line": 234, "column": 3 } }, "locations": [{ "start": { "line": 229, "column": 47 }, "end": { "line": 234, "column": 3 } }] }, "33": { "type": "branch", "line": 236, "loc": { "start": { "line": 236, "column": 59 }, "end": { "line": 242, "column": 3 } }, "locations": [{ "start": { "line": 236, "column": 59 }, "end": { "line": 242, "column": 3 } }] } }, "b": { "0": [1], "1": [1], "2": [1], "3": [1], "4": [1], "5": [1], "6": [1], "7": [1], "8": [1], "9": [1], "10": [1], "11": [1], "12": [1], "13": [1], "14": [1], "15": [1], "16": [1], "17": [1], "18": [1], "19": [1], "20": [1], "21": [1], "22": [1], "23": [1], "24": [1], "25": [1], "26": [1], "27": [1], "28": [1], "29": [1], "30": [1], "31": [1], "32": [1], "33": [1] }, "fnMap": {}, "f": {} },
  "/Users/alvarosabu/Projects/storyblok/storyblok-richtext/src/images-optimization.ts": { "path": "/Users/alvarosabu/Projects/storyblok/storyblok-richtext/src/images-optimization.ts", "all": false, "statementMap": { "2": { "start": { "line": 3, "column": 0 }, "end": { "line": 3, "column": 153 } }, "3": { "start": { "line": 4, "column": 0 }, "end": { "line": 4, "column": 40 } }, "4": { "start": { "line": 5, "column": 0 }, "end": { "line": 5, "column": 12 } }, "5": { "start": { "line": 6, "column": 0 }, "end": { "line": 6, "column": 12 } }, "6": { "start": { "line": 7, "column": 0 }, "end": { "line": 7, "column": 44 } }, "7": { "start": { "line": 8, "column": 0 }, "end": { "line": 8, "column": 36 } }, "9": { "start": { "line": 10, "column": 0 }, "end": { "line": 10, "column": 120 } }, "10": { "start": { "line": 11, "column": 0 }, "end": { "line": 11, "column": 68 } }, "11": { "start": { "line": 12, "column": 0 }, "end": { "line": 12, "column": 150 } }, "12": { "start": { "line": 13, "column": 0 }, "end": { "line": 13, "column": 12 } }, "13": { "start": { "line": 14, "column": 0 }, "end": { "line": 14, "column": 47 } }, "14": { "start": { "line": 15, "column": 0 }, "end": { "line": 15, "column": 5 } }, "15": { "start": { "line": 16, "column": 0 }, "end": { "line": 16, "column": 3 } }, "17": { "start": { "line": 18, "column": 0 }, "end": { "line": 18, "column": 35 } }, "18": { "start": { "line": 19, "column": 0 }, "end": { "line": 19, "column": 67 } }, "19": { "start": { "line": 20, "column": 0 }, "end": { "line": 20, "column": 36 } }, "20": { "start": { "line": 21, "column": 0 }, "end": { "line": 21, "column": 26 } }, "21": { "start": { "line": 22, "column": 0 }, "end": { "line": 22, "column": 14 } }, "22": { "start": { "line": 23, "column": 0 }, "end": { "line": 23, "column": 83 } }, "23": { "start": { "line": 24, "column": 0 }, "end": { "line": 24, "column": 7 } }, "24": { "start": { "line": 25, "column": 0 }, "end": { "line": 25, "column": 87 } }, "25": { "start": { "line": 26, "column": 0 }, "end": { "line": 26, "column": 38 } }, "26": { "start": { "line": 27, "column": 0 }, "end": { "line": 27, "column": 27 } }, "27": { "start": { "line": 28, "column": 0 }, "end": { "line": 28, "column": 14 } }, "28": { "start": { "line": 29, "column": 0 }, "end": { "line": 29, "column": 84 } }, "29": { "start": { "line": 30, "column": 0 }, "end": { "line": 30, "column": 7 } }, "30": { "start": { "line": 31, "column": 0 }, "end": { "line": 31, "column": 105 } }, "31": { "start": { "line": 32, "column": 0 }, "end": { "line": 32, "column": 52 } }, "34": { "start": { "line": 35, "column": 0 }, "end": { "line": 35, "column": 25 } }, "35": { "start": { "line": 36, "column": 0 }, "end": { "line": 36, "column": 40 } }, "36": { "start": { "line": 37, "column": 0 }, "end": { "line": 37, "column": 91 } }, "38": { "start": { "line": 39, "column": 0 }, "end": { "line": 39, "column": 17 } }, "39": { "start": { "line": 40, "column": 0 }, "end": { "line": 40, "column": 71 } }, "40": { "start": { "line": 41, "column": 0 }, "end": { "line": 41, "column": 7 } }, "41": { "start": { "line": 42, "column": 0 }, "end": { "line": 42, "column": 20 } }, "42": { "start": { "line": 43, "column": 0 }, "end": { "line": 43, "column": 77 } }, "43": { "start": { "line": 44, "column": 0 }, "end": { "line": 44, "column": 7 } }, "44": { "start": { "line": 45, "column": 0 }, "end": { "line": 45, "column": 23 } }, "45": { "start": { "line": 46, "column": 0 }, "end": { "line": 46, "column": 83 } }, "46": { "start": { "line": 47, "column": 0 }, "end": { "line": 47, "column": 7 } }, "47": { "start": { "line": 48, "column": 0 }, "end": { "line": 48, "column": 51 } }, "48": { "start": { "line": 49, "column": 0 }, "end": { "line": 49, "column": 54 } }, "49": { "start": { "line": 50, "column": 0 }, "end": { "line": 50, "column": 116 } }, "50": { "start": { "line": 51, "column": 0 }, "end": { "line": 51, "column": 101 } }, "51": { "start": { "line": 52, "column": 0 }, "end": { "line": 52, "column": 5 } }, "54": { "start": { "line": 55, "column": 0 }, "end": { "line": 55, "column": 25 } }, "55": { "start": { "line": 56, "column": 0 }, "end": { "line": 56, "column": 72 } }, "56": { "start": { "line": 57, "column": 0 }, "end": { "line": 57, "column": 40 } }, "57": { "start": { "line": 58, "column": 0 }, "end": { "line": 58, "column": 119 } }, "58": { "start": { "line": 59, "column": 0 }, "end": { "line": 59, "column": 9 } }, "59": { "start": { "line": 60, "column": 0 }, "end": { "line": 60, "column": 57 } }, "60": { "start": { "line": 61, "column": 0 }, "end": { "line": 61, "column": 50 } }, "61": { "start": { "line": 62, "column": 0 }, "end": { "line": 62, "column": 142 } }, "62": { "start": { "line": 63, "column": 0 }, "end": { "line": 63, "column": 9 } }, "63": { "start": { "line": 64, "column": 0 }, "end": { "line": 64, "column": 20 } }, "64": { "start": { "line": 65, "column": 0 }, "end": { "line": 65, "column": 5 } }, "67": { "start": { "line": 68, "column": 0 }, "end": { "line": 68, "column": 24 } }, "68": { "start": { "line": 69, "column": 0 }, "end": { "line": 69, "column": 45 } }, "69": { "start": { "line": 70, "column": 0 }, "end": { "line": 70, "column": 5 } }, "70": { "start": { "line": 71, "column": 0 }, "end": { "line": 71, "column": 3 } }, "74": { "start": { "line": 75, "column": 0 }, "end": { "line": 75, "column": 30 } }, "75": { "start": { "line": 76, "column": 0 }, "end": { "line": 76, "column": 22 } }, "76": { "start": { "line": 77, "column": 0 }, "end": { "line": 77, "column": 41 } }, "77": { "start": { "line": 78, "column": 0 }, "end": { "line": 78, "column": 3 } }, "78": { "start": { "line": 79, "column": 0 }, "end": { "line": 79, "column": 31 } }, "79": { "start": { "line": 80, "column": 0 }, "end": { "line": 80, "column": 64 } }, "80": { "start": { "line": 81, "column": 0 }, "end": { "line": 81, "column": 3 } }, "82": { "start": { "line": 83, "column": 0 }, "end": { "line": 83, "column": 10 } }, "83": { "start": { "line": 84, "column": 0 }, "end": { "line": 84, "column": 19 } }, "84": { "start": { "line": 85, "column": 0 }, "end": { "line": 85, "column": 10 } }, "85": { "start": { "line": 86, "column": 0 }, "end": { "line": 86, "column": 4 } }, "86": { "start": { "line": 87, "column": 0 }, "end": { "line": 87, "column": 1 } } }, "s": { "2": 1, "3": 33, "4": 31, "5": 31, "6": 31, "7": 31, "9": 31, "10": 15, "11": 9, "12": 15, "13": 6, "14": 6, "15": 15, "17": 33, "18": 30, "19": 4, "20": 4, "21": 30, "22": 26, "23": 26, "24": 30, "25": 4, "26": 4, "27": 30, "28": 26, "29": 26, "30": 30, "31": 30, "34": 30, "35": 18, "36": 18, "38": 18, "39": 5, "40": 5, "41": 18, "42": 5, "43": 5, "44": 18, "45": 5, "46": 5, "47": 18, "48": 18, "49": 18, "50": 18, "51": 18, "54": 30, "55": 3, "56": 9, "57": 6, "58": 6, "59": 9, "60": 3, "61": 3, "62": 3, "63": 3, "64": 3, "67": 30, "68": 2, "69": 2, "70": 30, "74": 31, "75": 33, "76": 2, "77": 2, "78": 33, "79": 8, "80": 8, "82": 31, "83": 31, "84": 31, "85": 31, "86": 31 }, "branchMap": { "0": { "type": "branch", "line": 3, "loc": { "start": { "line": 3, "column": 7 }, "end": { "line": 87, "column": 1 } }, "locations": [{ "start": { "line": 3, "column": 7 }, "end": { "line": 87, "column": 1 } }] }, "1": { "type": "branch", "line": 4, "loc": { "start": { "line": 4, "column": 16 }, "end": { "line": 4, "column": 40 } }, "locations": [{ "start": { "line": 4, "column": 16 }, "end": { "line": 4, "column": 40 } }] }, "2": { "type": "branch", "line": 4, "loc": { "start": { "line": 4, "column": 38 }, "end": { "line": 18, "column": 34 } }, "locations": [{ "start": { "line": 4, "column": 38 }, "end": { "line": 18, "column": 34 } }] }, "3": { "type": "branch", "line": 18, "loc": { "start": { "line": 18, "column": 34 }, "end": { "line": 71, "column": 3 } }, "locations": [{ "start": { "line": 18, "column": 34 }, "end": { "line": 71, "column": 3 } }] }, "4": { "type": "branch", "line": 19, "loc": { "start": { "line": 19, "column": 35 }, "end": { "line": 19, "column": 66 } }, "locations": [{ "start": { "line": 19, "column": 35 }, "end": { "line": 19, "column": 66 } }] }, "5": { "type": "branch", "line": 19, "loc": { "start": { "line": 19, "column": 66 }, "end": { "line": 22, "column": 13 } }, "locations": [{ "start": { "line": 19, "column": 66 }, "end": { "line": 22, "column": 13 } }] }, "6": { "type": "branch", "line": 22, "loc": { "start": { "line": 22, "column": 6 }, "end": { "line": 24, "column": 7 } }, "locations": [{ "start": { "line": 22, "column": 6 }, "end": { "line": 24, "column": 7 } }] }, "7": { "type": "branch", "line": 25, "loc": { "start": { "line": 25, "column": 18 }, "end": { "line": 25, "column": 66 } }, "locations": [{ "start": { "line": 25, "column": 18 }, "end": { "line": 25, "column": 66 } }] }, "8": { "type": "branch", "line": 25, "loc": { "start": { "line": 25, "column": 54 }, "end": { "line": 25, "column": 86 } }, "locations": [{ "start": { "line": 25, "column": 54 }, "end": { "line": 25, "column": 86 } }] }, "9": { "type": "branch", "line": 25, "loc": { "start": { "line": 25, "column": 86 }, "end": { "line": 28, "column": 13 } }, "locations": [{ "start": { "line": 25, "column": 86 }, "end": { "line": 28, "column": 13 } }] }, "10": { "type": "branch", "line": 28, "loc": { "start": { "line": 28, "column": 6 }, "end": { "line": 30, "column": 7 } }, "locations": [{ "start": { "line": 28, "column": 6 }, "end": { "line": 30, "column": 7 } }] }, "11": { "type": "branch", "line": 31, "loc": { "start": { "line": 31, "column": 17 }, "end": { "line": 31, "column": 73 } }, "locations": [{ "start": { "line": 31, "column": 17 }, "end": { "line": 31, "column": 73 } }] }, "12": { "type": "branch", "line": 31, "loc": { "start": { "line": 31, "column": 73 }, "end": { "line": 31, "column": 105 } }, "locations": [{ "start": { "line": 31, "column": 73 }, "end": { "line": 31, "column": 105 } }] }, "13": { "type": "branch", "line": 32, "loc": { "start": { "line": 32, "column": 24 }, "end": { "line": 32, "column": 52 } }, "locations": [{ "start": { "line": 32, "column": 24 }, "end": { "line": 32, "column": 52 } }] }, "14": { "type": "branch", "line": 35, "loc": { "start": { "line": 35, "column": 24 }, "end": { "line": 52, "column": 5 } }, "locations": [{ "start": { "line": 35, "column": 24 }, "end": { "line": 52, "column": 5 } }] }, "15": { "type": "branch", "line": 36, "loc": { "start": { "line": 36, "column": 26 }, "end": { "line": 36, "column": 40 } }, "locations": [{ "start": { "line": 36, "column": 26 }, "end": { "line": 36, "column": 40 } }] }, "16": { "type": "branch", "line": 37, "loc": { "start": { "line": 37, "column": 77 }, "end": { "line": 37, "column": 91 } }, "locations": [{ "start": { "line": 37, "column": 77 }, "end": { "line": 37, "column": 91 } }] }, "17": { "type": "branch", "line": 39, "loc": { "start": { "line": 39, "column": 16 }, "end": { "line": 41, "column": 7 } }, "locations": [{ "start": { "line": 39, "column": 16 }, "end": { "line": 41, "column": 7 } }] }, "18": { "type": "branch", "line": 42, "loc": { "start": { "line": 42, "column": 19 }, "end": { "line": 44, "column": 7 } }, "locations": [{ "start": { "line": 42, "column": 19 }, "end": { "line": 44, "column": 7 } }] }, "19": { "type": "branch", "line": 45, "loc": { "start": { "line": 45, "column": 22 }, "end": { "line": 47, "column": 7 } }, "locations": [{ "start": { "line": 45, "column": 22 }, "end": { "line": 47, "column": 7 } }] }, "20": { "type": "branch", "line": 48, "loc": { "start": { "line": 48, "column": 16 }, "end": { "line": 48, "column": 51 } }, "locations": [{ "start": { "line": 48, "column": 16 }, "end": { "line": 48, "column": 51 } }] }, "21": { "type": "branch", "line": 49, "loc": { "start": { "line": 49, "column": 21 }, "end": { "line": 49, "column": 54 } }, "locations": [{ "start": { "line": 49, "column": 21 }, "end": { "line": 49, "column": 54 } }] }, "22": { "type": "branch", "line": 50, "loc": { "start": { "line": 50, "column": 10 }, "end": { "line": 50, "column": 77 } }, "locations": [{ "start": { "line": 50, "column": 10 }, "end": { "line": 50, "column": 77 } }] }, "23": { "type": "branch", "line": 50, "loc": { "start": { "line": 50, "column": 63 }, "end": { "line": 50, "column": 74 } }, "locations": [{ "start": { "line": 50, "column": 63 }, "end": { "line": 50, "column": 74 } }] }, "24": { "type": "branch", "line": 50, "loc": { "start": { "line": 50, "column": 77 }, "end": { "line": 50, "column": 116 } }, "locations": [{ "start": { "line": 50, "column": 77 }, "end": { "line": 50, "column": 116 } }] }, "25": { "type": "branch", "line": 51, "loc": { "start": { "line": 51, "column": 10 }, "end": { "line": 51, "column": 62 } }, "locations": [{ "start": { "line": 51, "column": 10 }, "end": { "line": 51, "column": 62 } }] }, "26": { "type": "branch", "line": 51, "loc": { "start": { "line": 51, "column": 62 }, "end": { "line": 51, "column": 101 } }, "locations": [{ "start": { "line": 51, "column": 62 }, "end": { "line": 51, "column": 101 } }] }, "27": { "type": "branch", "line": 55, "loc": { "start": { "line": 55, "column": 24 }, "end": { "line": 65, "column": 5 } }, "locations": [{ "start": { "line": 55, "column": 24 }, "end": { "line": 65, "column": 5 } }] }, "28": { "type": "branch", "line": 68, "loc": { "start": { "line": 68, "column": 23 }, "end": { "line": 70, "column": 5 } }, "locations": [{ "start": { "line": 68, "column": 23 }, "end": { "line": 70, "column": 5 } }] }, "29": { "type": "branch", "line": 71, "loc": { "start": { "line": 71, "column": 2 }, "end": { "line": 76, "column": 14 } }, "locations": [{ "start": { "line": 71, "column": 2 }, "end": { "line": 76, "column": 14 } }] }, "30": { "type": "branch", "line": 76, "loc": { "start": { "line": 76, "column": 9 }, "end": { "line": 76, "column": 21 } }, "locations": [{ "start": { "line": 76, "column": 9 }, "end": { "line": 76, "column": 21 } }] }, "31": { "type": "branch", "line": 76, "loc": { "start": { "line": 76, "column": 21 }, "end": { "line": 78, "column": 3 } }, "locations": [{ "start": { "line": 76, "column": 21 }, "end": { "line": 78, "column": 3 } }] }, "32": { "type": "branch", "line": 78, "loc": { "start": { "line": 78, "column": 2 }, "end": { "line": 79, "column": 30 } }, "locations": [{ "start": { "line": 78, "column": 2 }, "end": { "line": 79, "column": 30 } }] }, "33": { "type": "branch", "line": 79, "loc": { "start": { "line": 79, "column": 30 }, "end": { "line": 81, "column": 3 } }, "locations": [{ "start": { "line": 79, "column": 30 }, "end": { "line": 81, "column": 3 } }] }, "34": { "type": "branch", "line": 81, "loc": { "start": { "line": 81, "column": 2 }, "end": { "line": 87, "column": 1 } }, "locations": [{ "start": { "line": 81, "column": 2 }, "end": { "line": 87, "column": 1 } }] }, "35": { "type": "branch", "line": 10, "loc": { "start": { "line": 10, "column": 2 }, "end": { "line": 16, "column": 3 } }, "locations": [{ "start": { "line": 10, "column": 2 }, "end": { "line": 16, "column": 3 } }] }, "36": { "type": "branch", "line": 11, "loc": { "start": { "line": 11, "column": 25 }, "end": { "line": 11, "column": 53 } }, "locations": [{ "start": { "line": 11, "column": 25 }, "end": { "line": 11, "column": 53 } }] }, "37": { "type": "branch", "line": 11, "loc": { "start": { "line": 11, "column": 46 }, "end": { "line": 11, "column": 67 } }, "locations": [{ "start": { "line": 11, "column": 46 }, "end": { "line": 11, "column": 67 } }] }, "38": { "type": "branch", "line": 11, "loc": { "start": { "line": 11, "column": 67 }, "end": { "line": 13, "column": 11 } }, "locations": [{ "start": { "line": 11, "column": 67 }, "end": { "line": 13, "column": 11 } }] }, "39": { "type": "branch", "line": 13, "loc": { "start": { "line": 13, "column": 4 }, "end": { "line": 15, "column": 5 } }, "locations": [{ "start": { "line": 13, "column": 4 }, "end": { "line": 15, "column": 5 } }] }, "40": { "type": "branch", "line": 56, "loc": { "start": { "line": 56, "column": 40 }, "end": { "line": 64, "column": 7 } }, "locations": [{ "start": { "line": 56, "column": 40 }, "end": { "line": 64, "column": 7 } }] }, "41": { "type": "branch", "line": 57, "loc": { "start": { "line": 57, "column": 39 }, "end": { "line": 59, "column": 9 } }, "locations": [{ "start": { "line": 57, "column": 39 }, "end": { "line": 59, "column": 9 } }] }, "42": { "type": "branch", "line": 58, "loc": { "start": { "line": 58, "column": 62 }, "end": { "line": 58, "column": 104 } }, "locations": [{ "start": { "line": 58, "column": 62 }, "end": { "line": 58, "column": 104 } }] }, "43": { "type": "branch", "line": 59, "loc": { "start": { "line": 59, "column": 8 }, "end": { "line": 60, "column": 56 } }, "locations": [{ "start": { "line": 59, "column": 8 }, "end": { "line": 60, "column": 56 } }] }, "44": { "type": "branch", "line": 60, "loc": { "start": { "line": 60, "column": 56 }, "end": { "line": 63, "column": 9 } }, "locations": [{ "start": { "line": 60, "column": 56 }, "end": { "line": 63, "column": 9 } }] }, "45": { "type": "branch", "line": 62, "loc": { "start": { "line": 62, "column": 80 }, "end": { "line": 62, "column": 122 } }, "locations": [{ "start": { "line": 62, "column": 80 }, "end": { "line": 62, "column": 122 } }] } }, "b": { "0": [33], "1": [2], "2": [31], "3": [30], "4": [5], "5": [4], "6": [26], "7": [6], "8": [5], "9": [4], "10": [26], "11": [1], "12": [1], "13": [1], "14": [18], "15": [0], "16": [0], "17": [5], "18": [5], "19": [5], "20": [2], "21": [2], "22": [2], "23": [0], "24": [2], "25": [2], "26": [2], "27": [3], "28": [2], "29": [31], "30": [4], "31": [2], "32": [31], "33": [8], "34": [31], "35": [15], "36": [12], "37": [9], "38": [9], "39": [6], "40": [9], "41": [6], "42": [0], "43": [3], "44": [3], "45": [0] }, "fnMap": { "0": { "name": "optimizeImage", "decl": { "start": { "line": 3, "column": 7 }, "end": { "line": 87, "column": 1 } }, "loc": { "start": { "line": 3, "column": 7 }, "end": { "line": 87, "column": 1 } }, "line": 3 }, "1": { "name": "validateAndPushFilterParam", "decl": { "start": { "line": 10, "column": 2 }, "end": { "line": 16, "column": 3 } }, "loc": { "start": { "line": 10, "column": 2 }, "end": { "line": 16, "column": 3 } }, "line": 10 } }, "f": { "0": 33, "1": 15 } },
  "/Users/alvarosabu/Projects/storyblok/storyblok-richtext/src/richtext.test.ts": { "path": "/Users/alvarosabu/Projects/storyblok/storyblok-richtext/src/richtext.test.ts", "all": false, "statementMap": { "0": { "start": { "line": 1, "column": 0 }, "end": { "line": 1, "column": 0 } }, "1": { "start": { "line": 2, "column": 0 }, "end": { "line": 2, "column": 45 } }, "2": { "start": { "line": 3, "column": 0 }, "end": { "line": 3, "column": 45 } }, "3": { "start": { "line": 4, "column": 0 }, "end": { "line": 4, "column": 40 } }, "5": { "start": { "line": 6, "column": 0 }, "end": { "line": 6, "column": 72 } }, "6": { "start": { "line": 7, "column": 0 }, "end": { "line": 7, "column": 51 } }, "8": { "start": { "line": 9, "column": 0 }, "end": { "line": 9, "column": 28 } }, "9": { "start": { "line": 10, "column": 0 }, "end": { "line": 10, "column": 32 } }, "10": { "start": { "line": 11, "column": 0 }, "end": { "line": 11, "column": 49 } }, "11": { "start": { "line": 12, "column": 0 }, "end": { "line": 12, "column": 45 } }, "12": { "start": { "line": 13, "column": 0 }, "end": { "line": 13, "column": 25 } }, "13": { "start": { "line": 14, "column": 0 }, "end": { "line": 14, "column": 26 } }, "14": { "start": { "line": 15, "column": 0 }, "end": { "line": 15, "column": 18 } }, "15": { "start": { "line": 16, "column": 0 }, "end": { "line": 16, "column": 11 } }, "16": { "start": { "line": 17, "column": 0 }, "end": { "line": 17, "column": 25 } }, "17": { "start": { "line": 18, "column": 0 }, "end": { "line": 18, "column": 34 } }, "18": { "start": { "line": 19, "column": 0 }, "end": { "line": 19, "column": 12 } }, "19": { "start": { "line": 20, "column": 0 }, "end": { "line": 20, "column": 10 } }, "20": { "start": { "line": 21, "column": 0 }, "end": { "line": 21, "column": 7 } }, "21": { "start": { "line": 22, "column": 0 }, "end": { "line": 22, "column": 52 } }, "22": { "start": { "line": 23, "column": 0 }, "end": { "line": 23, "column": 57 } }, "23": { "start": { "line": 24, "column": 0 }, "end": { "line": 24, "column": 6 } }, "25": { "start": { "line": 26, "column": 0 }, "end": { "line": 26, "column": 49 } }, "26": { "start": { "line": 27, "column": 0 }, "end": { "line": 27, "column": 45 } }, "27": { "start": { "line": 28, "column": 0 }, "end": { "line": 28, "column": 23 } }, "28": { "start": { "line": 29, "column": 0 }, "end": { "line": 29, "column": 24 } }, "29": { "start": { "line": 30, "column": 0 }, "end": { "line": 30, "column": 16 } }, "30": { "start": { "line": 31, "column": 0 }, "end": { "line": 31, "column": 19 } }, "31": { "start": { "line": 32, "column": 0 }, "end": { "line": 32, "column": 10 } }, "32": { "start": { "line": 33, "column": 0 }, "end": { "line": 33, "column": 18 } }, "33": { "start": { "line": 34, "column": 0 }, "end": { "line": 34, "column": 11 } }, "34": { "start": { "line": 35, "column": 0 }, "end": { "line": 35, "column": 31 } }, "35": { "start": { "line": 36, "column": 0 }, "end": { "line": 36, "column": 25 } }, "36": { "start": { "line": 37, "column": 0 }, "end": { "line": 37, "column": 12 } }, "37": { "start": { "line": 38, "column": 0 }, "end": { "line": 38, "column": 10 } }, "38": { "start": { "line": 39, "column": 0 }, "end": { "line": 39, "column": 7 } }, "39": { "start": { "line": 40, "column": 0 }, "end": { "line": 40, "column": 50 } }, "40": { "start": { "line": 41, "column": 0 }, "end": { "line": 41, "column": 57 } }, "41": { "start": { "line": 42, "column": 0 }, "end": { "line": 42, "column": 6 } }, "43": { "start": { "line": 44, "column": 0 }, "end": { "line": 44, "column": 55 } }, "44": { "start": { "line": 45, "column": 0 }, "end": { "line": 45, "column": 45 } }, "45": { "start": { "line": 46, "column": 0 }, "end": { "line": 46, "column": 20 } }, "46": { "start": { "line": 47, "column": 0 }, "end": { "line": 47, "column": 28 } }, "47": { "start": { "line": 48, "column": 0 }, "end": { "line": 48, "column": 18 } }, "48": { "start": { "line": 49, "column": 0 }, "end": { "line": 49, "column": 11 } }, "49": { "start": { "line": 50, "column": 0 }, "end": { "line": 50, "column": 30 } }, "50": { "start": { "line": 51, "column": 0 }, "end": { "line": 51, "column": 22 } }, "51": { "start": { "line": 52, "column": 0 }, "end": { "line": 52, "column": 15 } }, "52": { "start": { "line": 53, "column": 0 }, "end": { "line": 53, "column": 29 } }, "53": { "start": { "line": 54, "column": 0 }, "end": { "line": 54, "column": 31 } }, "54": { "start": { "line": 55, "column": 0 }, "end": { "line": 55, "column": 16 } }, "55": { "start": { "line": 56, "column": 0 }, "end": { "line": 56, "column": 14 } }, "56": { "start": { "line": 57, "column": 0 }, "end": { "line": 57, "column": 12 } }, "57": { "start": { "line": 58, "column": 0 }, "end": { "line": 58, "column": 11 } }, "58": { "start": { "line": 59, "column": 0 }, "end": { "line": 59, "column": 30 } }, "59": { "start": { "line": 60, "column": 0 }, "end": { "line": 60, "column": 22 } }, "60": { "start": { "line": 61, "column": 0 }, "end": { "line": 61, "column": 15 } }, "61": { "start": { "line": 62, "column": 0 }, "end": { "line": 62, "column": 29 } }, "62": { "start": { "line": 63, "column": 0 }, "end": { "line": 63, "column": 31 } }, "63": { "start": { "line": 64, "column": 0 }, "end": { "line": 64, "column": 16 } }, "64": { "start": { "line": 65, "column": 0 }, "end": { "line": 65, "column": 14 } }, "65": { "start": { "line": 66, "column": 0 }, "end": { "line": 66, "column": 12 } }, "66": { "start": { "line": 67, "column": 0 }, "end": { "line": 67, "column": 10 } }, "67": { "start": { "line": 68, "column": 0 }, "end": { "line": 68, "column": 7 } }, "68": { "start": { "line": 69, "column": 0 }, "end": { "line": 69, "column": 47 } }, "69": { "start": { "line": 70, "column": 0 }, "end": { "line": 70, "column": 99 } }, "70": { "start": { "line": 71, "column": 0 }, "end": { "line": 71, "column": 6 } }, "72": { "start": { "line": 73, "column": 0 }, "end": { "line": 73, "column": 53 } }, "73": { "start": { "line": 74, "column": 0 }, "end": { "line": 74, "column": 45 } }, "74": { "start": { "line": 75, "column": 0 }, "end": { "line": 75, "column": 20 } }, "75": { "start": { "line": 76, "column": 0 }, "end": { "line": 76, "column": 29 } }, "76": { "start": { "line": 77, "column": 0 }, "end": { "line": 77, "column": 28 } }, "77": { "start": { "line": 78, "column": 0 }, "end": { "line": 78, "column": 18 } }, "78": { "start": { "line": 79, "column": 0 }, "end": { "line": 79, "column": 11 } }, "79": { "start": { "line": 80, "column": 0 }, "end": { "line": 80, "column": 30 } }, "80": { "start": { "line": 81, "column": 0 }, "end": { "line": 81, "column": 22 } }, "81": { "start": { "line": 82, "column": 0 }, "end": { "line": 82, "column": 15 } }, "82": { "start": { "line": 83, "column": 0 }, "end": { "line": 83, "column": 29 } }, "83": { "start": { "line": 84, "column": 0 }, "end": { "line": 84, "column": 31 } }, "84": { "start": { "line": 85, "column": 0 }, "end": { "line": 85, "column": 16 } }, "85": { "start": { "line": 86, "column": 0 }, "end": { "line": 86, "column": 14 } }, "86": { "start": { "line": 87, "column": 0 }, "end": { "line": 87, "column": 12 } }, "87": { "start": { "line": 88, "column": 0 }, "end": { "line": 88, "column": 11 } }, "88": { "start": { "line": 89, "column": 0 }, "end": { "line": 89, "column": 30 } }, "89": { "start": { "line": 90, "column": 0 }, "end": { "line": 90, "column": 22 } }, "90": { "start": { "line": 91, "column": 0 }, "end": { "line": 91, "column": 15 } }, "91": { "start": { "line": 92, "column": 0 }, "end": { "line": 92, "column": 29 } }, "92": { "start": { "line": 93, "column": 0 }, "end": { "line": 93, "column": 31 } }, "93": { "start": { "line": 94, "column": 0 }, "end": { "line": 94, "column": 16 } }, "94": { "start": { "line": 95, "column": 0 }, "end": { "line": 95, "column": 14 } }, "95": { "start": { "line": 96, "column": 0 }, "end": { "line": 96, "column": 12 } }, "96": { "start": { "line": 97, "column": 0 }, "end": { "line": 97, "column": 10 } }, "97": { "start": { "line": 98, "column": 0 }, "end": { "line": 98, "column": 7 } }, "98": { "start": { "line": 99, "column": 0 }, "end": { "line": 99, "column": 47 } }, "99": { "start": { "line": 100, "column": 0 }, "end": { "line": 100, "column": 109 } }, "100": { "start": { "line": 101, "column": 0 }, "end": { "line": 101, "column": 6 } }, "102": { "start": { "line": 103, "column": 0 }, "end": { "line": 103, "column": 57 } }, "103": { "start": { "line": 104, "column": 0 }, "end": { "line": 104, "column": 45 } }, "104": { "start": { "line": 105, "column": 0 }, "end": { "line": 105, "column": 21 } }, "105": { "start": { "line": 106, "column": 0 }, "end": { "line": 106, "column": 22 } }, "106": { "start": { "line": 107, "column": 0 }, "end": { "line": 107, "column": 16 } }, "107": { "start": { "line": 108, "column": 0 }, "end": { "line": 108, "column": 47 } }, "108": { "start": { "line": 109, "column": 0 }, "end": { "line": 109, "column": 26 } }, "109": { "start": { "line": 110, "column": 0 }, "end": { "line": 110, "column": 10 } }, "110": { "start": { "line": 111, "column": 0 }, "end": { "line": 111, "column": 7 } }, "111": { "start": { "line": 112, "column": 0 }, "end": { "line": 112, "column": 48 } }, "112": { "start": { "line": 113, "column": 0 }, "end": { "line": 113, "column": 101 } }, "113": { "start": { "line": 114, "column": 0 }, "end": { "line": 114, "column": 6 } }, "115": { "start": { "line": 116, "column": 0 }, "end": { "line": 116, "column": 46 } }, "116": { "start": { "line": 117, "column": 0 }, "end": { "line": 117, "column": 45 } }, "117": { "start": { "line": 118, "column": 0 }, "end": { "line": 118, "column": 21 } }, "118": { "start": { "line": 119, "column": 0 }, "end": { "line": 119, "column": 22 } }, "119": { "start": { "line": 120, "column": 0 }, "end": { "line": 120, "column": 16 } }, "120": { "start": { "line": 121, "column": 0 }, "end": { "line": 121, "column": 22 } }, "121": { "start": { "line": 122, "column": 0 }, "end": { "line": 122, "column": 10 } }, "122": { "start": { "line": 123, "column": 0 }, "end": { "line": 123, "column": 7 } }, "123": { "start": { "line": 124, "column": 0 }, "end": { "line": 124, "column": 48 } }, "124": { "start": { "line": 125, "column": 0 }, "end": { "line": 125, "column": 245 } }, "125": { "start": { "line": 126, "column": 0 }, "end": { "line": 126, "column": 6 } }, "127": { "start": { "line": 128, "column": 0 }, "end": { "line": 128, "column": 50 } }, "128": { "start": { "line": 129, "column": 0 }, "end": { "line": 129, "column": 45 } }, "129": { "start": { "line": 130, "column": 0 }, "end": { "line": 130, "column": 20 } }, "130": { "start": { "line": 131, "column": 0 }, "end": { "line": 131, "column": 27 } }, "131": { "start": { "line": 132, "column": 0 }, "end": { "line": 132, "column": 18 } }, "132": { "start": { "line": 133, "column": 0 }, "end": { "line": 133, "column": 11 } }, "133": { "start": { "line": 134, "column": 0 }, "end": { "line": 134, "column": 49 } }, "134": { "start": { "line": 135, "column": 0 }, "end": { "line": 135, "column": 25 } }, "135": { "start": { "line": 136, "column": 0 }, "end": { "line": 136, "column": 12 } }, "136": { "start": { "line": 137, "column": 0 }, "end": { "line": 137, "column": 10 } }, "137": { "start": { "line": 138, "column": 0 }, "end": { "line": 138, "column": 7 } }, "138": { "start": { "line": 139, "column": 0 }, "end": { "line": 139, "column": 47 } }, "139": { "start": { "line": 140, "column": 0 }, "end": { "line": 140, "column": 115 } }, "140": { "start": { "line": 141, "column": 0 }, "end": { "line": 141, "column": 6 } }, "142": { "start": { "line": 143, "column": 0 }, "end": { "line": 143, "column": 55 } }, "143": { "start": { "line": 144, "column": 0 }, "end": { "line": 144, "column": 45 } }, "144": { "start": { "line": 145, "column": 0 }, "end": { "line": 145, "column": 18 } }, "145": { "start": { "line": 146, "column": 0 }, "end": { "line": 146, "column": 32 } }, "146": { "start": { "line": 147, "column": 0 }, "end": { "line": 147, "column": 7 } }, "147": { "start": { "line": 148, "column": 0 }, "end": { "line": 148, "column": 45 } }, "148": { "start": { "line": 149, "column": 0 }, "end": { "line": 149, "column": 47 } }, "149": { "start": { "line": 150, "column": 0 }, "end": { "line": 150, "column": 6 } }, "151": { "start": { "line": 152, "column": 0 }, "end": { "line": 152, "column": 45 } }, "152": { "start": { "line": 153, "column": 0 }, "end": { "line": 153, "column": 45 } }, "153": { "start": { "line": 154, "column": 0 }, "end": { "line": 154, "column": 18 } }, "154": { "start": { "line": 155, "column": 0 }, "end": { "line": 155, "column": 27 } }, "155": { "start": { "line": 156, "column": 0 }, "end": { "line": 156, "column": 7 } }, "156": { "start": { "line": 157, "column": 0 }, "end": { "line": 157, "column": 45 } }, "157": { "start": { "line": 158, "column": 0 }, "end": { "line": 158, "column": 47 } }, "158": { "start": { "line": 159, "column": 0 }, "end": { "line": 159, "column": 6 } }, "160": { "start": { "line": 161, "column": 0 }, "end": { "line": 161, "column": 46 } }, "161": { "start": { "line": 162, "column": 0 }, "end": { "line": 162, "column": 45 } }, "162": { "start": { "line": 163, "column": 0 }, "end": { "line": 163, "column": 21 } }, "163": { "start": { "line": 164, "column": 0 }, "end": { "line": 164, "column": 27 } }, "164": { "start": { "line": 165, "column": 0 }, "end": { "line": 165, "column": 18 } }, "165": { "start": { "line": 166, "column": 0 }, "end": { "line": 166, "column": 11 } }, "166": { "start": { "line": 167, "column": 0 }, "end": { "line": 167, "column": 30 } }, "167": { "start": { "line": 168, "column": 0 }, "end": { "line": 168, "column": 22 } }, "168": { "start": { "line": 169, "column": 0 }, "end": { "line": 169, "column": 15 } }, "169": { "start": { "line": 170, "column": 0 }, "end": { "line": 170, "column": 29 } }, "170": { "start": { "line": 171, "column": 0 }, "end": { "line": 171, "column": 30 } }, "171": { "start": { "line": 172, "column": 0 }, "end": { "line": 172, "column": 16 } }, "172": { "start": { "line": 173, "column": 0 }, "end": { "line": 173, "column": 14 } }, "173": { "start": { "line": 174, "column": 0 }, "end": { "line": 174, "column": 12 } }, "174": { "start": { "line": 175, "column": 0 }, "end": { "line": 175, "column": 10 } }, "175": { "start": { "line": 176, "column": 0 }, "end": { "line": 176, "column": 7 } }, "176": { "start": { "line": 177, "column": 0 }, "end": { "line": 177, "column": 48 } }, "177": { "start": { "line": 178, "column": 0 }, "end": { "line": 178, "column": 93 } }, "178": { "start": { "line": 179, "column": 0 }, "end": { "line": 179, "column": 6 } }, "179": { "start": { "line": 180, "column": 0 }, "end": { "line": 180, "column": 4 } }, "181": { "start": { "line": 182, "column": 0 }, "end": { "line": 182, "column": 44 } }, "182": { "start": { "line": 183, "column": 0 }, "end": { "line": 183, "column": 53 } }, "183": { "start": { "line": 184, "column": 0 }, "end": { "line": 184, "column": 45 } }, "184": { "start": { "line": 185, "column": 0 }, "end": { "line": 185, "column": 20 } }, "185": { "start": { "line": 186, "column": 0 }, "end": { "line": 186, "column": 26 } }, "186": { "start": { "line": 187, "column": 0 }, "end": { "line": 187, "column": 18 } }, "187": { "start": { "line": 188, "column": 0 }, "end": { "line": 188, "column": 11 } }, "188": { "start": { "line": 189, "column": 0 }, "end": { "line": 189, "column": 36 } }, "189": { "start": { "line": 190, "column": 0 }, "end": { "line": 190, "column": 25 } }, "190": { "start": { "line": 191, "column": 0 }, "end": { "line": 191, "column": 58 } }, "191": { "start": { "line": 192, "column": 0 }, "end": { "line": 192, "column": 12 } }, "192": { "start": { "line": 193, "column": 0 }, "end": { "line": 193, "column": 10 } }, "193": { "start": { "line": 194, "column": 0 }, "end": { "line": 194, "column": 7 } }, "194": { "start": { "line": 195, "column": 0 }, "end": { "line": 195, "column": 47 } }, "195": { "start": { "line": 196, "column": 0 }, "end": { "line": 196, "column": 111 } }, "196": { "start": { "line": 197, "column": 0 }, "end": { "line": 197, "column": 6 } }, "198": { "start": { "line": 199, "column": 0 }, "end": { "line": 199, "column": 60 } }, "199": { "start": { "line": 200, "column": 0 }, "end": { "line": 200, "column": 45 } }, "200": { "start": { "line": 201, "column": 0 }, "end": { "line": 201, "column": 20 } }, "201": { "start": { "line": 202, "column": 0 }, "end": { "line": 202, "column": 26 } }, "202": { "start": { "line": 203, "column": 0 }, "end": { "line": 203, "column": 18 } }, "203": { "start": { "line": 204, "column": 0 }, "end": { "line": 204, "column": 11 } }, "204": { "start": { "line": 205, "column": 0 }, "end": { "line": 205, "column": 36 } }, "205": { "start": { "line": 206, "column": 0 }, "end": { "line": 206, "column": 25 } }, "206": { "start": { "line": 207, "column": 0 }, "end": { "line": 207, "column": 111 } }, "207": { "start": { "line": 208, "column": 0 }, "end": { "line": 208, "column": 12 } }, "208": { "start": { "line": 209, "column": 0 }, "end": { "line": 209, "column": 10 } }, "209": { "start": { "line": 210, "column": 0 }, "end": { "line": 210, "column": 7 } }, "210": { "start": { "line": 211, "column": 0 }, "end": { "line": 211, "column": 47 } }, "212": { "start": { "line": 213, "column": 0 }, "end": { "line": 213, "column": 150 } }, "213": { "start": { "line": 214, "column": 0 }, "end": { "line": 214, "column": 6 } }, "215": { "start": { "line": 216, "column": 0 }, "end": { "line": 216, "column": 54 } }, "216": { "start": { "line": 217, "column": 0 }, "end": { "line": 217, "column": 45 } }, "217": { "start": { "line": 218, "column": 0 }, "end": { "line": 218, "column": 20 } }, "218": { "start": { "line": 219, "column": 0 }, "end": { "line": 219, "column": 30 } }, "219": { "start": { "line": 220, "column": 0 }, "end": { "line": 220, "column": 21 } }, "220": { "start": { "line": 221, "column": 0 }, "end": { "line": 221, "column": 16 } }, "221": { "start": { "line": 222, "column": 0 }, "end": { "line": 222, "column": 11 } }, "222": { "start": { "line": 223, "column": 0 }, "end": { "line": 223, "column": 25 } }, "223": { "start": { "line": 224, "column": 0 }, "end": { "line": 224, "column": 20 } }, "224": { "start": { "line": 225, "column": 0 }, "end": { "line": 225, "column": 49 } }, "225": { "start": { "line": 226, "column": 0 }, "end": { "line": 226, "column": 31 } }, "226": { "start": { "line": 227, "column": 0 }, "end": { "line": 227, "column": 30 } }, "227": { "start": { "line": 228, "column": 0 }, "end": { "line": 228, "column": 14 } }, "228": { "start": { "line": 229, "column": 0 }, "end": { "line": 229, "column": 12 } }, "229": { "start": { "line": 230, "column": 0 }, "end": { "line": 230, "column": 10 } }, "230": { "start": { "line": 231, "column": 0 }, "end": { "line": 231, "column": 7 } }, "231": { "start": { "line": 232, "column": 0 }, "end": { "line": 232, "column": 47 } }, "232": { "start": { "line": 233, "column": 0 }, "end": { "line": 233, "column": 107 } }, "233": { "start": { "line": 234, "column": 0 }, "end": { "line": 234, "column": 6 } }, "235": { "start": { "line": 236, "column": 0 }, "end": { "line": 236, "column": 52 } }, "236": { "start": { "line": 237, "column": 0 }, "end": { "line": 237, "column": 45 } }, "237": { "start": { "line": 238, "column": 0 }, "end": { "line": 238, "column": 20 } }, "238": { "start": { "line": 239, "column": 0 }, "end": { "line": 239, "column": 28 } }, "239": { "start": { "line": 240, "column": 0 }, "end": { "line": 240, "column": 21 } }, "240": { "start": { "line": 241, "column": 0 }, "end": { "line": 241, "column": 16 } }, "241": { "start": { "line": 242, "column": 0 }, "end": { "line": 242, "column": 11 } }, "242": { "start": { "line": 243, "column": 0 }, "end": { "line": 243, "column": 25 } }, "243": { "start": { "line": 244, "column": 0 }, "end": { "line": 244, "column": 20 } }, "244": { "start": { "line": 245, "column": 0 }, "end": { "line": 245, "column": 49 } }, "245": { "start": { "line": 246, "column": 0 }, "end": { "line": 246, "column": 30 } }, "246": { "start": { "line": 247, "column": 0 }, "end": { "line": 247, "column": 31 } }, "247": { "start": { "line": 248, "column": 0 }, "end": { "line": 248, "column": 14 } }, "248": { "start": { "line": 249, "column": 0 }, "end": { "line": 249, "column": 12 } }, "249": { "start": { "line": 250, "column": 0 }, "end": { "line": 250, "column": 10 } }, "250": { "start": { "line": 251, "column": 0 }, "end": { "line": 251, "column": 7 } }, "251": { "start": { "line": 252, "column": 0 }, "end": { "line": 252, "column": 47 } }, "252": { "start": { "line": 253, "column": 0 }, "end": { "line": 253, "column": 85 } }, "253": { "start": { "line": 254, "column": 0 }, "end": { "line": 254, "column": 6 } }, "255": { "start": { "line": 256, "column": 0 }, "end": { "line": 256, "column": 51 } }, "256": { "start": { "line": 257, "column": 0 }, "end": { "line": 257, "column": 45 } }, "257": { "start": { "line": 258, "column": 0 }, "end": { "line": 258, "column": 20 } }, "258": { "start": { "line": 259, "column": 0 }, "end": { "line": 259, "column": 40 } }, "259": { "start": { "line": 260, "column": 0 }, "end": { "line": 260, "column": 21 } }, "260": { "start": { "line": 261, "column": 0 }, "end": { "line": 261, "column": 16 } }, "261": { "start": { "line": 262, "column": 0 }, "end": { "line": 262, "column": 11 } }, "262": { "start": { "line": 263, "column": 0 }, "end": { "line": 263, "column": 25 } }, "263": { "start": { "line": 264, "column": 0 }, "end": { "line": 264, "column": 20 } }, "264": { "start": { "line": 265, "column": 0 }, "end": { "line": 265, "column": 46 } }, "265": { "start": { "line": 266, "column": 0 }, "end": { "line": 266, "column": 32 } }, "266": { "start": { "line": 267, "column": 0 }, "end": { "line": 267, "column": 14 } }, "267": { "start": { "line": 268, "column": 0 }, "end": { "line": 268, "column": 12 } }, "268": { "start": { "line": 269, "column": 0 }, "end": { "line": 269, "column": 10 } }, "269": { "start": { "line": 270, "column": 0 }, "end": { "line": 270, "column": 7 } }, "270": { "start": { "line": 271, "column": 0 }, "end": { "line": 271, "column": 47 } }, "271": { "start": { "line": 272, "column": 0 }, "end": { "line": 272, "column": 105 } }, "272": { "start": { "line": 273, "column": 0 }, "end": { "line": 273, "column": 6 } }, "274": { "start": { "line": 275, "column": 0 }, "end": { "line": 275, "column": 54 } }, "275": { "start": { "line": 276, "column": 0 }, "end": { "line": 276, "column": 45 } }, "276": { "start": { "line": 277, "column": 0 }, "end": { "line": 277, "column": 20 } }, "277": { "start": { "line": 278, "column": 0 }, "end": { "line": 278, "column": 30 } }, "278": { "start": { "line": 279, "column": 0 }, "end": { "line": 279, "column": 21 } }, "279": { "start": { "line": 280, "column": 0 }, "end": { "line": 280, "column": 16 } }, "280": { "start": { "line": 281, "column": 0 }, "end": { "line": 281, "column": 11 } }, "281": { "start": { "line": 282, "column": 0 }, "end": { "line": 282, "column": 25 } }, "282": { "start": { "line": 283, "column": 0 }, "end": { "line": 283, "column": 20 } }, "283": { "start": { "line": 284, "column": 0 }, "end": { "line": 284, "column": 24 } }, "284": { "start": { "line": 285, "column": 0 }, "end": { "line": 285, "column": 59 } }, "285": { "start": { "line": 286, "column": 0 }, "end": { "line": 286, "column": 27 } }, "286": { "start": { "line": 287, "column": 0 }, "end": { "line": 287, "column": 31 } }, "287": { "start": { "line": 288, "column": 0 }, "end": { "line": 288, "column": 32 } }, "288": { "start": { "line": 289, "column": 0 }, "end": { "line": 289, "column": 14 } }, "289": { "start": { "line": 290, "column": 0 }, "end": { "line": 290, "column": 12 } }, "290": { "start": { "line": 291, "column": 0 }, "end": { "line": 291, "column": 10 } }, "291": { "start": { "line": 292, "column": 0 }, "end": { "line": 292, "column": 7 } }, "292": { "start": { "line": 293, "column": 0 }, "end": { "line": 293, "column": 47 } }, "293": { "start": { "line": 294, "column": 0 }, "end": { "line": 294, "column": 126 } }, "294": { "start": { "line": 295, "column": 0 }, "end": { "line": 295, "column": 6 } }, "296": { "start": { "line": 297, "column": 0 }, "end": { "line": 297, "column": 51 } }, "297": { "start": { "line": 298, "column": 0 }, "end": { "line": 298, "column": 45 } }, "298": { "start": { "line": 299, "column": 0 }, "end": { "line": 299, "column": 20 } }, "299": { "start": { "line": 300, "column": 0 }, "end": { "line": 300, "column": 27 } }, "300": { "start": { "line": 301, "column": 0 }, "end": { "line": 301, "column": 21 } }, "301": { "start": { "line": 302, "column": 0 }, "end": { "line": 302, "column": 16 } }, "302": { "start": { "line": 303, "column": 0 }, "end": { "line": 303, "column": 11 } }, "303": { "start": { "line": 304, "column": 0 }, "end": { "line": 304, "column": 25 } }, "304": { "start": { "line": 305, "column": 0 }, "end": { "line": 305, "column": 20 } }, "305": { "start": { "line": 306, "column": 0 }, "end": { "line": 306, "column": 87 } }, "306": { "start": { "line": 307, "column": 0 }, "end": { "line": 307, "column": 32 } }, "307": { "start": { "line": 308, "column": 0 }, "end": { "line": 308, "column": 14 } }, "308": { "start": { "line": 309, "column": 0 }, "end": { "line": 309, "column": 12 } }, "309": { "start": { "line": 310, "column": 0 }, "end": { "line": 310, "column": 10 } }, "310": { "start": { "line": 311, "column": 0 }, "end": { "line": 311, "column": 7 } }, "311": { "start": { "line": 312, "column": 0 }, "end": { "line": 312, "column": 47 } }, "312": { "start": { "line": 313, "column": 0 }, "end": { "line": 313, "column": 126 } }, "313": { "start": { "line": 314, "column": 0 }, "end": { "line": 314, "column": 6 } }, "315": { "start": { "line": 316, "column": 0 }, "end": { "line": 316, "column": 49 } }, "316": { "start": { "line": 317, "column": 0 }, "end": { "line": 317, "column": 45 } }, "317": { "start": { "line": 318, "column": 0 }, "end": { "line": 318, "column": 20 } }, "318": { "start": { "line": 319, "column": 0 }, "end": { "line": 319, "column": 21 } }, "319": { "start": { "line": 320, "column": 0 }, "end": { "line": 320, "column": 21 } }, "320": { "start": { "line": 321, "column": 0 }, "end": { "line": 321, "column": 34 } }, "321": { "start": { "line": 322, "column": 0 }, "end": { "line": 322, "column": 7 } }, "322": { "start": { "line": 323, "column": 0 }, "end": { "line": 323, "column": 47 } }, "323": { "start": { "line": 324, "column": 0 }, "end": { "line": 324, "column": 63 } }, "324": { "start": { "line": 325, "column": 0 }, "end": { "line": 325, "column": 6 } }, "326": { "start": { "line": 327, "column": 0 }, "end": { "line": 327, "column": 52 } }, "327": { "start": { "line": 328, "column": 0 }, "end": { "line": 328, "column": 45 } }, "328": { "start": { "line": 329, "column": 0 }, "end": { "line": 329, "column": 22 } }, "329": { "start": { "line": 330, "column": 0 }, "end": { "line": 330, "column": 23 } }, "330": { "start": { "line": 331, "column": 0 }, "end": { "line": 331, "column": 21 } }, "331": { "start": { "line": 332, "column": 0 }, "end": { "line": 332, "column": 36 } }, "332": { "start": { "line": 333, "column": 0 }, "end": { "line": 333, "column": 7 } }, "333": { "start": { "line": 334, "column": 0 }, "end": { "line": 334, "column": 49 } }, "334": { "start": { "line": 335, "column": 0 }, "end": { "line": 335, "column": 53 } }, "335": { "start": { "line": 336, "column": 0 }, "end": { "line": 336, "column": 6 } }, "337": { "start": { "line": 338, "column": 0 }, "end": { "line": 338, "column": 54 } }, "338": { "start": { "line": 339, "column": 0 }, "end": { "line": 339, "column": 45 } }, "339": { "start": { "line": 340, "column": 0 }, "end": { "line": 340, "column": 25 } }, "340": { "start": { "line": 341, "column": 0 }, "end": { "line": 341, "column": 26 } }, "341": { "start": { "line": 342, "column": 0 }, "end": { "line": 342, "column": 21 } }, "342": { "start": { "line": 343, "column": 0 }, "end": { "line": 343, "column": 39 } }, "343": { "start": { "line": 344, "column": 0 }, "end": { "line": 344, "column": 7 } }, "344": { "start": { "line": 345, "column": 0 }, "end": { "line": 345, "column": 52 } }, "345": { "start": { "line": 346, "column": 0 }, "end": { "line": 346, "column": 53 } }, "346": { "start": { "line": 347, "column": 0 }, "end": { "line": 347, "column": 6 } }, "348": { "start": { "line": 349, "column": 0 }, "end": { "line": 349, "column": 51 } }, "349": { "start": { "line": 350, "column": 0 }, "end": { "line": 350, "column": 45 } }, "350": { "start": { "line": 351, "column": 0 }, "end": { "line": 351, "column": 22 } }, "351": { "start": { "line": 352, "column": 0 }, "end": { "line": 352, "column": 23 } }, "352": { "start": { "line": 353, "column": 0 }, "end": { "line": 353, "column": 21 } }, "353": { "start": { "line": 354, "column": 0 }, "end": { "line": 354, "column": 36 } }, "354": { "start": { "line": 355, "column": 0 }, "end": { "line": 355, "column": 7 } }, "355": { "start": { "line": 356, "column": 0 }, "end": { "line": 356, "column": 49 } }, "356": { "start": { "line": 357, "column": 0 }, "end": { "line": 357, "column": 50 } }, "357": { "start": { "line": 358, "column": 0 }, "end": { "line": 358, "column": 6 } }, "359": { "start": { "line": 360, "column": 0 }, "end": { "line": 360, "column": 49 } }, "360": { "start": { "line": 361, "column": 0 }, "end": { "line": 361, "column": 45 } }, "361": { "start": { "line": 362, "column": 0 }, "end": { "line": 362, "column": 20 } }, "362": { "start": { "line": 363, "column": 0 }, "end": { "line": 363, "column": 21 } }, "363": { "start": { "line": 364, "column": 0 }, "end": { "line": 364, "column": 21 } }, "364": { "start": { "line": 365, "column": 0 }, "end": { "line": 365, "column": 34 } }, "365": { "start": { "line": 366, "column": 0 }, "end": { "line": 366, "column": 7 } }, "366": { "start": { "line": 367, "column": 0 }, "end": { "line": 367, "column": 47 } }, "367": { "start": { "line": 368, "column": 0 }, "end": { "line": 368, "column": 57 } }, "368": { "start": { "line": 369, "column": 0 }, "end": { "line": 369, "column": 6 } }, "370": { "start": { "line": 371, "column": 0 }, "end": { "line": 371, "column": 56 } }, "371": { "start": { "line": 372, "column": 0 }, "end": { "line": 372, "column": 45 } }, "372": { "start": { "line": 373, "column": 0 }, "end": { "line": 373, "column": 27 } }, "373": { "start": { "line": 374, "column": 0 }, "end": { "line": 374, "column": 28 } }, "374": { "start": { "line": 375, "column": 0 }, "end": { "line": 375, "column": 21 } }, "375": { "start": { "line": 376, "column": 0 }, "end": { "line": 376, "column": 41 } }, "376": { "start": { "line": 377, "column": 0 }, "end": { "line": 377, "column": 7 } }, "377": { "start": { "line": 378, "column": 0 }, "end": { "line": 378, "column": 54 } }, "378": { "start": { "line": 379, "column": 0 }, "end": { "line": 379, "column": 61 } }, "379": { "start": { "line": 380, "column": 0 }, "end": { "line": 380, "column": 6 } }, "381": { "start": { "line": 382, "column": 0 }, "end": { "line": 382, "column": 54 } }, "382": { "start": { "line": 383, "column": 0 }, "end": { "line": 383, "column": 45 } }, "383": { "start": { "line": 384, "column": 0 }, "end": { "line": 384, "column": 25 } }, "384": { "start": { "line": 385, "column": 0 }, "end": { "line": 385, "column": 26 } }, "385": { "start": { "line": 386, "column": 0 }, "end": { "line": 386, "column": 21 } }, "386": { "start": { "line": 387, "column": 0 }, "end": { "line": 387, "column": 39 } }, "387": { "start": { "line": 388, "column": 0 }, "end": { "line": 388, "column": 7 } }, "388": { "start": { "line": 389, "column": 0 }, "end": { "line": 389, "column": 52 } }, "389": { "start": { "line": 390, "column": 0 }, "end": { "line": 390, "column": 59 } }, "390": { "start": { "line": 391, "column": 0 }, "end": { "line": 391, "column": 6 } }, "392": { "start": { "line": 393, "column": 0 }, "end": { "line": 393, "column": 54 } }, "393": { "start": { "line": 394, "column": 0 }, "end": { "line": 394, "column": 45 } }, "394": { "start": { "line": 395, "column": 0 }, "end": { "line": 395, "column": 25 } }, "395": { "start": { "line": 396, "column": 0 }, "end": { "line": 396, "column": 26 } }, "396": { "start": { "line": 397, "column": 0 }, "end": { "line": 397, "column": 21 } }, "397": { "start": { "line": 398, "column": 0 }, "end": { "line": 398, "column": 39 } }, "398": { "start": { "line": 399, "column": 0 }, "end": { "line": 399, "column": 7 } }, "399": { "start": { "line": 400, "column": 0 }, "end": { "line": 400, "column": 52 } }, "400": { "start": { "line": 401, "column": 0 }, "end": { "line": 401, "column": 62 } }, "401": { "start": { "line": 402, "column": 0 }, "end": { "line": 402, "column": 6 } }, "402": { "start": { "line": 403, "column": 0 }, "end": { "line": 403, "column": 4 } }, "403": { "start": { "line": 404, "column": 0 }, "end": { "line": 404, "column": 32 } }, "404": { "start": { "line": 405, "column": 0 }, "end": { "line": 405, "column": 64 } }, "405": { "start": { "line": 406, "column": 0 }, "end": { "line": 406, "column": 43 } }, "406": { "start": { "line": 407, "column": 0 }, "end": { "line": 407, "column": 19 } }, "407": { "start": { "line": 408, "column": 0 }, "end": { "line": 408, "column": 8 } }, "408": { "start": { "line": 409, "column": 0 }, "end": { "line": 409, "column": 25 } }, "409": { "start": { "line": 410, "column": 0 }, "
[...]
s": [{ "start": { "line": 92, "column": 48 }, "end": { "line": 92, "column": 72 } }] }, "8": { "type": "branch", "line": 92, "loc": { "start": { "line": 92, "column": 68 }, "end": { "line": 92, "column": 86 } }, "locations": [{ "start": { "line": 92, "column": 68 }, "end": { "line": 92, "column": 86 } }] }, "9": { "type": "branch", "line": 92, "loc": { "start": { "line": 92, "column": 72 }, "end": { "line": 92, "column": 86 } }, "locations": [{ "start": { "line": 92, "column": 72 }, "end": { "line": 92, "column": 86 } }] }, "10": { "type": "branch", "line": 103, "loc": { "start": { "line": 103, "column": 7 }, "end": { "line": 313, "column": 1 } }, "locations": [{ "start": { "line": 103, "column": 7 }, "end": { "line": 313, "column": 1 } }] }, "11": { "type": "branch", "line": 114, "loc": { "start": { "line": 114, "column": 23 }, "end": { "line": 114, "column": 201 } }, "locations": [{ "start": { "line": 114, "column": 23 }, "end": { "line": 114, "column": 201 } }] }, "12": { "type": "branch", "line": 114, "loc": { "start": { "line": 114, "column": 67 }, "end": { "line": 114, "column": 201 } }, "locations": [{ "start": { "line": 114, "column": 67 }, "end": { "line": 114, "column": 201 } }] }, "13": { "type": "branch", "line": 114, "loc": { "start": { "line": 114, "column": 172 }, "end": { "line": 114, "column": 195 } }, "locations": [{ "start": { "line": 114, "column": 172 }, "end": { "line": 114, "column": 195 } }] }, "14": { "type": "branch", "line": 116, "loc": { "start": { "line": 116, "column": 51 }, "end": { "line": 135, "column": 4 } }, "locations": [{ "start": { "line": 116, "column": 51 }, "end": { "line": 135, "column": 4 } }] }, "15": { "type": "branch", "line": 117, "loc": { "start": { "line": 117, "column": 39 }, "end": { "line": 117, "column": 51 } }, "locations": [{ "start": { "line": 117, "column": 39 }, "end": { "line": 117, "column": 51 } }] }, "16": { "type": "branch", "line": 121, "loc": { "start": { "line": 121, "column": 23 }, "end": { "line": 125, "column": 5 } }, "locations": [{ "start": { "line": 121, "column": 23 }, "end": { "line": 125, "column": 5 } }] }, "17": { "type": "branch", "line": 128, "loc": { "start": { "line": 128, "column": 11 }, "end": { "line": 128, "column": 21 } }, "locations": [{ "start": { "line": 128, "column": 11 }, "end": { "line": 128, "column": 21 } }] }, "18": { "type": "branch", "line": 136, "loc": { "start": { "line": 136, "column": 53 }, "end": { "line": 139, "column": 3 } }, "locations": [{ "start": { "line": 136, "column": 53 }, "end": { "line": 139, "column": 3 } }] }, "19": { "type": "branch", "line": 137, "loc": { "start": { "line": 137, "column": 36 }, "end": { "line": 137, "column": 47 } }, "locations": [{ "start": { "line": 137, "column": 36 }, "end": { "line": 137, "column": 47 } }] }, "20": { "type": "branch", "line": 141, "loc": { "start": { "line": 141, "column": 51 }, "end": { "line": 152, "column": 21 } }, "locations": [{ "start": { "line": 141, "column": 51 }, "end": { "line": 152, "column": 21 } }] }, "21": { "type": "branch", "line": 154, "loc": { "start": { "line": 154, "column": 55 }, "end": { "line": 156, "column": 3 } }, "locations": [{ "start": { "line": 154, "column": 55 }, "end": { "line": 156, "column": 3 } }] }, "22": { "type": "branch", "line": 155, "loc": { "start": { "line": 155, "column": 132 }, "end": { "line": 155, "column": 153 } }, "locations": [{ "start": { "line": 155, "column": 132 }, "end": { "line": 155, "column": 153 } }] }, "23": { "type": "branch", "line": 159, "loc": { "start": { "line": 159, "column": 23 }, "end": { "line": 166, "column": 3 } }, "locations": [{ "start": { "line": 159, "column": 23 }, "end": { "line": 166, "column": 3 } }] }, "24": { "type": "branch", "line": 159, "loc": { "start": { "line": 159, "column": 83 }, "end": { "line": 166, "column": 3 } }, "locations": [{ "start": { "line": 159, "column": 83 }, "end": { "line": 166, "column": 3 } }] }, "25": { "type": "branch", "line": 160, "loc": { "start": { "line": 160, "column": 25 }, "end": { "line": 164, "column": 9 } }, "locations": [{ "start": { "line": 160, "column": 25 }, "end": { "line": 164, "column": 9 } }] }, "26": { "type": "branch", "line": 164, "loc": { "start": { "line": 164, "column": 8 }, "end": { "line": 165, "column": 57 } }, "locations": [{ "start": { "line": 164, "column": 8 }, "end": { "line": 165, "column": 57 } }] }, "27": { "type": "branch", "line": 168, "loc": { "start": { "line": 168, "column": 20 }, "end": { "line": 172, "column": 3 } }, "locations": [{ "start": { "line": 168, "column": 20 }, "end": { "line": 172, "column": 3 } }] }, "28": { "type": "branch", "line": 175, "loc": { "start": { "line": 175, "column": 50 }, "end": { "line": 190, "column": 3 } }, "locations": [{ "start": { "line": 175, "column": 50 }, "end": { "line": 190, "column": 3 } }] }, "29": { "type": "branch", "line": 180, "loc": { "start": { "line": 180, "column": 13 }, "end": { "line": 184, "column": 9 } }, "locations": [{ "start": { "line": 180, "column": 13 }, "end": { "line": 184, "column": 9 } }] }, "30": { "type": "branch", "line": 184, "loc": { "start": { "line": 184, "column": 8 }, "end": { "line": 185, "column": 75 } }, "locations": [{ "start": { "line": 184, "column": 8 }, "end": { "line": 185, "column": 75 } }] }, "31": { "type": "branch", "line": 186, "loc": { "start": { "line": 186, "column": 4 }, "end": { "line": 189, "column": 5 } }, "locations": [{ "start": { "line": 186, "column": 4 }, "end": { "line": 189, "column": 5 } }] }, "32": { "type": "branch", "line": 182, "loc": { "start": { "line": 182, "column": 10 }, "end": { "line": 182, "column": 124 } }, "locations": [{ "start": { "line": 182, "column": 10 }, "end": { "line": 182, "column": 124 } }] }, "33": { "type": "branch", "line": 194, "loc": { "start": { "line": 194, "column": 50 }, "end": { "line": 219, "column": 3 } }, "locations": [{ "start": { "line": 194, "column": 50 }, "end": { "line": 219, "column": 3 } }] }, "34": { "type": "branch", "line": 195, "loc": { "start": { "line": 195, "column": 53 }, "end": { "line": 195, "column": 64 } }, "locations": [{ "start": { "line": 195, "column": 53 }, "end": { "line": 195, "column": 64 } }] }, "35": { "type": "branch", "line": 199, "loc": { "start": { "line": 199, "column": 6 }, "end": { "line": 199, "column": 27 } }, "locations": [{ "start": { "line": 199, "column": 6 }, "end": { "line": 199, "column": 27 } }] }, "36": { "type": "branch", "line": 200, "loc": { "start": { "line": 200, "column": 6 }, "end": { "line": 202, "column": 13 } }, "locations": [{ "start": { "line": 200, "column": 6 }, "end": { "line": 202, "column": 13 } }] }, "37": { "type": "branch", "line": 203, "loc": { "start": { "line": 203, "column": 6 }, "end": { "line": 205, "column": 13 } }, "locations": [{ "start": { "line": 203, "column": 6 }, "end": { "line": 205, "column": 13 } }] }, "38": { "type": "branch", "line": 206, "loc": { "start": { "line": 206, "column": 6 }, "end": { "line": 210, "column": 13 } }, "locations": [{ "start": { "line": 206, "column": 6 }, "end": { "line": 210, "column": 13 } }] }, "39": { "type": "branch", "line": 211, "loc": { "start": { "line": 211, "column": 6 }, "end": { "line": 213, "column": 13 } }, "locations": [{ "start": { "line": 211, "column": 6 }, "end": { "line": 213, "column": 13 } }] }, "40": { "type": "branch", "line": 215, "loc": { "start": { "line": 215, "column": 16 }, "end": { "line": 217, "column": 5 } }, "locations": [{ "start": { "line": 215, "column": 16 }, "end": { "line": 217, "column": 5 } }] }, "41": { "type": "branch", "line": 259, "loc": { "start": { "line": 259, "column": 38 }, "end": { "line": 259, "column": 99 } }, "locations": [{ "start": { "line": 259, "column": 38 }, "end": { "line": 259, "column": 99 } }] }, "42": { "type": "branch", "line": 262, "loc": { "start": { "line": 262, "column": 2 }, "end": { "line": 280, "column": 3 } }, "locations": [{ "start": { "line": 262, "column": 2 }, "end": { "line": 280, "column": 3 } }] }, "43": { "type": "branch", "line": 265, "loc": { "start": { "line": 265, "column": 19 }, "end": { "line": 268, "column": 5 } }, "locations": [{ "start": { "line": 265, "column": 19 }, "end": { "line": 268, "column": 5 } }] }, "44": { "type": "branch", "line": 270, "loc": { "start": { "line": 270, "column": 30 }, "end": { "line": 272, "column": 5 } }, "locations": [{ "start": { "line": 270, "column": 30 }, "end": { "line": 272, "column": 5 } }] }, "45": { "type": "branch", "line": 272, "loc": { "start": { "line": 272, "column": 4 }, "end": { "line": 274, "column": 36 } }, "locations": [{ "start": { "line": 272, "column": 4 }, "end": { "line": 274, "column": 36 } }] }, "46": { "type": "branch", "line": 274, "loc": { "start": { "line": 274, "column": 26 }, "end": { "line": 274, "column": 63 } }, "locations": [{ "start": { "line": 274, "column": 26 }, "end": { "line": 274, "column": 63 } }] }, "47": { "type": "branch", "line": 274, "loc": { "start": { "line": 274, "column": 59 }, "end": { "line": 274, "column": 72 } }, "locations": [{ "start": { "line": 274, "column": 59 }, "end": { "line": 274, "column": 72 } }] }, "48": { "type": "branch", "line": 306, "loc": { "start": { "line": 306, "column": 2 }, "end": { "line": 308, "column": 3 } }, "locations": [{ "start": { "line": 306, "column": 2 }, "end": { "line": 308, "column": 3 } }] }, "49": { "type": "branch", "line": 307, "loc": { "start": { "line": 307, "column": 29 }, "end": { "line": 307, "column": 61 } }, "locations": [{ "start": { "line": 307, "column": 29 }, "end": { "line": 307, "column": 61 } }] } }, "b": { "0": [36], "1": [57], "2": [2], "3": [2], "4": [25], "5": [36], "6": [0], "7": [13], "8": [23], "9": [4], "10": [29], "11": [232], "12": [15], "13": [2], "14": [1], "15": [0], "16": [0], "17": [0], "18": [1], "19": [0], "20": [1], "21": [1], "22": [0], "23": [290], "24": [12], "25": [2], "26": [10], "27": [34], "28": [42], "29": [16], "30": [26], "31": [0], "32": [18], "33": [5], "34": [0], "35": [1], "36": [2], "37": [1], "38": [1], "39": [1], "40": [1], "41": [2], "42": [80], "43": [0], "44": [42], "45": [38], "46": [15], "47": [23], "48": [80], "49": [0] }, "fnMap": { "0": { "name": "attrsToString", "decl": { "start": { "line": 28, "column": 22 }, "end": { "line": 30, "column": 12 } }, "loc": { "start": { "line": 28, "column": 22 }, "end": { "line": 30, "column": 12 } }, "line": 28 }, "1": { "name": "attrsToStyle", "decl": { "start": { "line": 51, "column": 21 }, "end": { "line": 53, "column": 13 } }, "loc": { "start": { "line": 51, "column": 21 }, "end": { "line": 53, "column": 13 } }, "line": 51 }, "2": { "name": "escapeHtml", "decl": { "start": { "line": 71, "column": 0 }, "end": { "line": 78, "column": 1 } }, "loc": { "start": { "line": 71, "column": 0 }, "end": { "line": 78, "column": 1 } }, "line": 71 }, "3": { "name": "defaultRenderFn", "decl": { "start": { "line": 89, "column": 0 }, "end": { "line": 93, "column": 1 } }, "loc": { "start": { "line": 89, "column": 0 }, "end": { "line": 93, "column": 1 } }, "line": 89 }, "4": { "name": "richTextResolver", "decl": { "start": { "line": 103, "column": 7 }, "end": { "line": 313, "column": 1 } }, "loc": { "start": { "line": 103, "column": 7 }, "end": { "line": 313, "column": 1 } }, "line": 103 }, "5": { "name": "nodeResolver", "decl": { "start": { "line": 114, "column": 23 }, "end": { "line": 114, "column": 201 } }, "loc": { "start": { "line": 114, "column": 23 }, "end": { "line": 114, "column": 201 } }, "line": 114 }, "6": { "name": "imageResolver", "decl": { "start": { "line": 116, "column": 51 }, "end": { "line": 135, "column": 4 } }, "loc": { "start": { "line": 116, "column": 51 }, "end": { "line": 135, "column": 4 } }, "line": 116 }, "7": { "name": "headingResolver", "decl": { "start": { "line": 136, "column": 53 }, "end": { "line": 139, "column": 3 } }, "loc": { "start": { "line": 136, "column": 53 }, "end": { "line": 139, "column": 3 } }, "line": 136 }, "8": { "name": "emojiResolver", "decl": { "start": { "line": 141, "column": 51 }, "end": { "line": 152, "column": 21 } }, "loc": { "start": { "line": 141, "column": 51 }, "end": { "line": 152, "column": 21 } }, "line": 141 }, "9": { "name": "codeBlockResolver", "decl": { "start": { "line": 154, "column": 55 }, "end": { "line": 156, "column": 3 } }, "loc": { "start": { "line": 154, "column": 55 }, "end": { "line": 156, "column": 3 } }, "line": 154 }, "10": { "name": "markResolver", "decl": { "start": { "line": 159, "column": 23 }, "end": { "line": 166, "column": 3 } }, "loc": { "start": { "line": 159, "column": 23 }, "end": { "line": 166, "column": 3 } }, "line": 159 }, "11": { "name": "renderToT", "decl": { "start": { "line": 168, "column": 20 }, "end": { "line": 172, "column": 3 } }, "loc": { "start": { "line": 168, "column": 20 }, "end": { "line": 172, "column": 3 } }, "line": 168 }, "12": { "name": "textResolver", "decl": { "start": { "line": 175, "column": 50 }, "end": { "line": 190, "column": 3 } }, "loc": { "start": { "line": 175, "column": 50 }, "end": { "line": 190, "column": 3 } }, "line": 175 }, "13": { "name": "marks.reduce.renderToT", "decl": { "start": { "line": 182, "column": 10 }, "end": { "line": 182, "column": 124 } }, "loc": { "start": { "line": 182, "column": 10 }, "end": { "line": 182, "column": 124 } }, "line": 182 }, "14": { "name": "linkResolver", "decl": { "start": { "line": 194, "column": 50 }, "end": { "line": 219, "column": 3 } }, "loc": { "start": { "line": 194, "column": 50 }, "end": { "line": 219, "column": 3 } }, "line": 194 }, "15": { "name": "componentResolver", "decl": { "start": { "line": 222, "column": 55 }, "end": { "line": 230, "column": 3 } }, "loc": { "start": { "line": 222, "column": 55 }, "end": { "line": 230, "column": 3 } }, "line": 222 }, "16": { "name": "renderNode", "decl": { "start": { "line": 262, "column": 2 }, "end": { "line": 280, "column": 3 } }, "loc": { "start": { "line": 262, "column": 2 }, "end": { "line": 280, "column": 3 } }, "line": 262 }, "17": { "name": "render", "decl": { "start": { "line": 306, "column": 2 }, "end": { "line": 308, "column": 3 } }, "loc": { "start": { "line": 306, "column": 2 }, "end": { "line": 308, "column": 3 } }, "line": 306 } }, "f": { "0": 36, "1": 2, "2": 25, "3": 36, "4": 29, "5": 232, "6": 1, "7": 1, "8": 1, "9": 1, "10": 290, "11": 34, "12": 42, "13": 18, "14": 5, "15": 0, "16": 80, "17": 80 } },
  "/Users/alvarosabu/Projects/storyblok/storyblok-richtext/src/vite-env.d.ts": { "path": "/Users/alvarosabu/Projects/storyblok/storyblok-richtext/src/vite-env.d.ts", "all": true, "statementMap": {}, "s": {}, "branchMap": { "0": { "type": "branch", "line": 1, "loc": { "start": { "line": 1, "column": 37 }, "end": { "line": 1, "column": 37 } }, "locations": [{ "start": { "line": 1, "column": 37 }, "end": { "line": 1, "column": 37 } }] } }, "b": { "0": [1] }, "fnMap": { "0": { "name": "(empty-report)", "decl": { "start": { "line": 1, "column": 37 }, "end": { "line": 1, "column": 37 } }, "loc": { "start": { "line": 1, "column": 37 }, "end": { "line": 1, "column": 37 } }, "line": 1 } }, "f": { "0": 1 } },
  "/Users/alvarosabu/Projects/storyblok/storyblok-richtext/src/types/index.ts": { "path": "/Users/alvarosabu/Projects/storyblok/storyblok-richtext/src/types/index.ts", "all": false, "statementMap": { "0": { "start": { "line": 1, "column": 0 }, "end": { "line": 1, "column": 24 } }, "1": { "start": { "line": 2, "column": 0 }, "end": { "line": 2, "column": 19 } }, "2": { "start": { "line": 3, "column": 0 }, "end": { "line": 3, "column": 22 } }, "3": { "start": { "line": 4, "column": 0 }, "end": { "line": 4, "column": 26 } }, "4": { "start": { "line": 5, "column": 0 }, "end": { "line": 5, "column": 23 } }, "5": { "start": { "line": 6, "column": 0 }, "end": { "line": 6, "column": 27 } }, "6": { "start": { "line": 7, "column": 0 }, "end": { "line": 7, "column": 26 } }, "7": { "start": { "line": 8, "column": 0 }, "end": { "line": 8, "column": 26 } }, "8": { "start": { "line": 9, "column": 0 }, "end": { "line": 9, "column": 28 } }, "9": { "start": { "line": 10, "column": 0 }, "end": { "line": 10, "column": 25 } }, "10": { "start": { "line": 11, "column": 0 }, "end": { "line": 11, "column": 20 } }, "11": { "start": { "line": 12, "column": 0 }, "end": { "line": 12, "column": 18 } }, "12": { "start": { "line": 13, "column": 0 }, "end": { "line": 13, "column": 18 } }, "13": { "start": { "line": 14, "column": 0 }, "end": { "line": 14, "column": 21 } }, "16": { "start": { "line": 17, "column": 0 }, "end": { "line": 17, "column": 23 } }, "17": { "start": { "line": 18, "column": 0 }, "end": { "line": 18, "column": 16 } }, "18": { "start": { "line": 19, "column": 0 }, "end": { "line": 19, "column": 20 } }, "19": { "start": { "line": 20, "column": 0 }, "end": { "line": 20, "column": 20 } }, "20": { "start": { "line": 21, "column": 0 }, "end": { "line": 21, "column": 26 } }, "21": { "start": { "line": 22, "column": 0 }, "end": { "line": 22, "column": 20 } }, "22": { "start": { "line": 23, "column": 0 }, "end": { "line": 23, "column": 16 } }, "23": { "start": { "line": 24, "column": 0 }, "end": { "line": 24, "column": 16 } }, "24": { "start": { "line": 25, "column": 0 }, "end": { "line": 25, "column": 20 } }, "25": { "start": { "line": 26, "column": 0 }, "end": { "line": 26, "column": 20 } }, "26": { "start": { "line": 27, "column": 0 }, "end": { "line": 27, "column": 30 } }, "27": { "start": { "line": 28, "column": 0 }, "end": { "line": 28, "column": 26 } }, "28": { "start": { "line": 29, "column": 0 }, "end": { "line": 29, "column": 27 } }, "29": { "start": { "line": 30, "column": 0 }, "end": { "line": 30, "column": 26 } }, "32": { "start": { "line": 33, "column": 0 }, "end": { "line": 33, "column": 23 } }, "33": { "start": { "line": 34, "column": 0 }, "end": { "line": 34, "column": 16 } }, "36": { "start": { "line": 37, "column": 0 }, "end": { "line": 37, "column": 25 } }, "37": { "start": { "line": 38, "column": 0 }, "end": { "line": 38, "column": 17 } }, "38": { "start": { "line": 39, "column": 0 }, "end": { "line": 39, "column": 19 } }, "41": { "start": { "line": 42, "column": 0 }, "end": { "line": 42, "column": 23 } }, "42": { "start": { "line": 43, "column": 0 }, "end": { "line": 43, "column": 14 } }, "43": { "start": { "line": 44, "column": 0 }, "end": { "line": 44, "column": 18 } }, "44": { "start": { "line": 45, "column": 0 }, "end": { "line": 45, "column": 18 } }, "45": { "start": { "line": 46, "column": 0 }, "end": { "line": 46, "column": 18 } } }, "s": { "0": 1, "1": 1, "2": 1, "3": 1, "4": 1, "5": 1, "6": 1, "7": 1, "8": 1, "9": 1, "10": 1, "11": 1, "12": 1, "13": 1, "16": 1, "17": 1, "18": 1, "19": 1, "20": 1, "21": 1, "22": 1, "23": 1, "24": 1, "25": 1, "26": 1, "27": 1, "28": 1, "29": 1, "32": 1, "33": 1, "36": 1, "37": 1, "38": 1, "41": 1, "42": 1, "43": 1, "44": 1, "45": 1 }, "branchMap": { "0": { "type": "branch", "line": 1, "loc": { "start": { "line": 1, "column": 7 }, "end": { "line": 1, "column": 24 } }, "locations": [{ "start": { "line": 1, "column": 7 }, "end": { "line": 1, "column": 24 } }] }, "1": { "type": "branch", "line": 17, "loc": { "start": { "line": 17, "column": 7 }, "end": { "line": 17, "column": 23 } }, "locations": [{ "start": { "line": 17, "column": 7 }, "end": { "line": 17, "column": 23 } }] }, "2": { "type": "branch", "line": 33, "loc": { "start": { "line": 33, "column": 7 }, "end": { "line": 33, "column": 23 } }, "locations": [{ "start": { "line": 33, "column": 7 }, "end": { "line": 33, "column": 23 } }] }, "3": { "type": "branch", "line": 37, "loc": { "start": { "line": 37, "column": 7 }, "end": { "line": 37, "column": 25 } }, "locations": [{ "start": { "line": 37, "column": 7 }, "end": { "line": 37, "column": 25 } }] }, "4": { "type": "branch", "line": 42, "loc": { "start": { "line": 42, "column": 7 }, "end": { "line": 42, "column": 23 } }, "locations": [{ "start": { "line": 42, "column": 7 }, "end": { "line": 42, "column": 23 } }] } }, "b": { "0": [1], "1": [1], "2": [1], "3": [1], "4": [1] }, "fnMap": {}, "f": {} }
}
