<?xml version="1.0" encoding="UTF-8"?>
<coverage generated="1715156946790" clover="3.2.0">
  <project timestamp="1715156946790" name="All files">
    <metrics statements="44" coveredstatements="44" conditionals="27" coveredconditionals="25" methods="1" coveredmethods="1" elements="72" coveredelements="70" complexity="0" loc="44" ncloc="44" packages="1" files="1" classes="1"/>
    <file name="images-optimization.ts" path="/Users/alvarosabu/Projects/storyblok/storyblok-richtext/src/images-optimization.ts">
      <metrics statements="44" coveredstatements="44" conditionals="27" coveredconditionals="25" methods="1" coveredmethods="1"/>
      <line num="1" count="1" type="stmt"/>
      <line num="2" count="1" type="stmt"/>
      <line num="3" count="1" type="cond" truecount="1" falsecount="0"/>
      <line num="4" count="15" type="cond" truecount="2" falsecount="0"/>
      <line num="5" count="13" type="stmt"/>
      <line num="6" count="13" type="stmt"/>
      <line num="7" count="13" type="stmt"/>
      <line num="8" count="13" type="stmt"/>
      <line num="9" count="15" type="cond" truecount="1" falsecount="0"/>
      <line num="10" count="12" type="cond" truecount="1" falsecount="0"/>
      <line num="11" count="12" type="cond" truecount="1" falsecount="0"/>
      <line num="12" count="12" type="cond" truecount="2" falsecount="0"/>
      <line num="13" count="12" type="cond" truecount="1" falsecount="0"/>
      <line num="14" count="12" type="stmt"/>
      <line num="15" count="12" type="stmt"/>
      <line num="16" count="12" type="cond" truecount="1" falsecount="0"/>
      <line num="17" count="8" type="cond" truecount="0" falsecount="1"/>
      <line num="18" count="8" type="cond" truecount="0" falsecount="1"/>
      <line num="19" count="8" type="stmt"/>
      <line num="20" count="8" type="cond" truecount="1" falsecount="0"/>
      <line num="21" count="8" type="cond" truecount="1" falsecount="0"/>
      <line num="22" count="8" type="cond" truecount="1" falsecount="0"/>
      <line num="23" count="8" type="cond" truecount="1" falsecount="0"/>
      <line num="24" count="8" type="cond" truecount="1" falsecount="0"/>
      <line num="25" count="8" type="cond" truecount="2" falsecount="0"/>
      <line num="26" count="8" type="cond" truecount="2" falsecount="0"/>
      <line num="27" count="8" type="stmt"/>
      <line num="28" count="12" type="cond" truecount="1" falsecount="0"/>
      <line num="29" count="13" type="stmt"/>
      <line num="30" count="13" type="stmt"/>
      <line num="31" count="13" type="stmt"/>
      <line num="32" count="13" type="stmt"/>
      <line num="33" count="15" type="cond" truecount="2" falsecount="0"/>
      <line num="34" count="2" type="stmt"/>
      <line num="35" count="2" type="cond" truecount="1" falsecount="0"/>
      <line num="36" count="15" type="cond" truecount="1" falsecount="0"/>
      <line num="37" count="8" type="stmt"/>
      <line num="38" count="8" type="cond" truecount="1" falsecount="0"/>
      <line num="39" count="13" type="stmt"/>
      <line num="40" count="13" type="stmt"/>
      <line num="41" count="13" type="stmt"/>
      <line num="42" count="13" type="stmt"/>
      <line num="43" count="13" type="stmt"/>
      <line num="44" count="13" type="stmt"/>
    </file>
  </project>
</coverage>
