<?xml version="1.0" encoding="UTF-8"?>
<coverage generated="1715158817193" clover="3.2.0">
  <project timestamp="1715158817193" name="All files">
    <metrics statements="56" coveredstatements="56" conditionals="35" coveredconditionals="33" methods="1" coveredmethods="1" elements="92" coveredelements="90" complexity="0" loc="56" ncloc="56" packages="1" files="1" classes="1"/>
    <file name="images-optimization.ts" path="/Users/alvarosabu/Projects/storyblok/storyblok-richtext/src/images-optimization.ts">
      <metrics statements="56" coveredstatements="56" conditionals="35" coveredconditionals="33" methods="1" coveredmethods="1"/>
      <line num="1" count="1" type="stmt"/>
      <line num="2" count="1" type="stmt"/>
      <line num="3" count="1" type="cond" truecount="1" falsecount="0"/>
      <line num="4" count="21" type="cond" truecount="2" falsecount="0"/>
      <line num="5" count="19" type="stmt"/>
      <line num="6" count="19" type="stmt"/>
      <line num="7" count="19" type="stmt"/>
      <line num="8" count="19" type="stmt"/>
      <line num="9" count="21" type="cond" truecount="1" falsecount="0"/>
      <line num="10" count="18" type="cond" truecount="1" falsecount="0"/>
      <line num="11" count="18" type="cond" truecount="1" falsecount="0"/>
      <line num="12" count="18" type="cond" truecount="2" falsecount="0"/>
      <line num="13" count="18" type="cond" truecount="1" falsecount="0"/>
      <line num="14" count="18" type="stmt"/>
      <line num="15" count="18" type="stmt"/>
      <line num="16" count="18" type="cond" truecount="1" falsecount="0"/>
      <line num="17" count="14" type="cond" truecount="0" falsecount="1"/>
      <line num="18" count="14" type="cond" truecount="0" falsecount="1"/>
      <line num="19" count="14" type="stmt"/>
      <line num="20" count="14" type="cond" truecount="1" falsecount="0"/>
      <line num="21" count="5" type="cond" truecount="3" falsecount="0"/>
      <line num="22" count="3" type="stmt"/>
      <line num="23" count="5" type="cond" truecount="1" falsecount="0"/>
      <line num="24" count="2" type="stmt"/>
      <line num="25" count="2" type="stmt"/>
      <line num="26" count="5" type="stmt"/>
      <line num="27" count="14" type="cond" truecount="1" falsecount="0"/>
      <line num="28" count="5" type="cond" truecount="3" falsecount="0"/>
      <line num="29" count="3" type="stmt"/>
      <line num="30" count="5" type="cond" truecount="1" falsecount="0"/>
      <line num="31" count="2" type="stmt"/>
      <line num="32" count="2" type="stmt"/>
      <line num="33" count="5" type="stmt"/>
      <line num="34" count="14" type="cond" truecount="1" falsecount="0"/>
      <line num="35" count="14" type="cond" truecount="1" falsecount="0"/>
      <line num="36" count="14" type="cond" truecount="1" falsecount="0"/>
      <line num="37" count="14" type="cond" truecount="2" falsecount="0"/>
      <line num="38" count="14" type="cond" truecount="2" falsecount="0"/>
      <line num="39" count="14" type="stmt"/>
      <line num="40" count="18" type="cond" truecount="1" falsecount="0"/>
      <line num="41" count="19" type="stmt"/>
      <line num="42" count="19" type="stmt"/>
      <line num="43" count="19" type="stmt"/>
      <line num="44" count="19" type="stmt"/>
      <line num="45" count="21" type="cond" truecount="2" falsecount="0"/>
      <line num="46" count="2" type="stmt"/>
      <line num="47" count="2" type="cond" truecount="1" falsecount="0"/>
      <line num="48" count="21" type="cond" truecount="1" falsecount="0"/>
      <line num="49" count="8" type="stmt"/>
      <line num="50" count="8" type="cond" truecount="1" falsecount="0"/>
      <line num="51" count="19" type="stmt"/>
      <line num="52" count="19" type="stmt"/>
      <line num="53" count="19" type="stmt"/>
      <line num="54" count="19" type="stmt"/>
      <line num="55" count="19" type="stmt"/>
      <line num="56" count="19" type="stmt"/>
    </file>
  </project>
</coverage>
