{"/Users/alvarosabu/Projects/storyblok/storyblok-richtext/src/images-optimization.ts": {"path":"/Users/alvarosabu/Projects/storyblok/storyblok-richtext/src/images-optimization.ts","all":false,"statementMap":{"0":{"start":{"line":1,"column":0},"end":{"line":1,"column":51}},"1":{"start":{"line":2,"column":0},"end":{"line":2,"column":0}},"2":{"start":{"line":3,"column":0},"end":{"line":3,"column":143}},"3":{"start":{"line":4,"column":0},"end":{"line":4,"column":40}},"4":{"start":{"line":5,"column":0},"end":{"line":5,"column":12}},"5":{"start":{"line":6,"column":0},"end":{"line":6,"column":12}},"6":{"start":{"line":7,"column":0},"end":{"line":7,"column":44}},"7":{"start":{"line":8,"column":0},"end":{"line":8,"column":36}},"8":{"start":{"line":9,"column":0},"end":{"line":9,"column":0}},"9":{"start":{"line":10,"column":0},"end":{"line":10,"column":120}},"10":{"start":{"line":11,"column":0},"end":{"line":11,"column":68}},"11":{"start":{"line":12,"column":0},"end":{"line":12,"column":150}},"12":{"start":{"line":13,"column":0},"end":{"line":13,"column":12}},"13":{"start":{"line":14,"column":0},"end":{"line":14,"column":47}},"14":{"start":{"line":15,"column":0},"end":{"line":15,"column":5}},"15":{"start":{"line":16,"column":0},"end":{"line":16,"column":3}},"16":{"start":{"line":17,"column":0},"end":{"line":17,"column":0}},"17":{"start":{"line":18,"column":0},"end":{"line":18,"column":35}},"18":{"start":{"line":19,"column":0},"end":{"line":19,"column":67}},"19":{"start":{"line":20,"column":0},"end":{"line":20,"column":36}},"20":{"start":{"line":21,"column":0},"end":{"line":21,"column":26}},"21":{"start":{"line":22,"column":0},"end":{"line":22,"column":14}},"22":{"start":{"line":23,"column":0},"end":{"line":23,"column":83}},"23":{"start":{"line":24,"column":0},"end":{"line":24,"column":7}},"24":{"start":{"line":25,"column":0},"end":{"line":25,"column":87}},"25":{"start":{"line":26,"column":0},"end":{"line":26,"column":38}},"26":{"start":{"line":27,"column":0},"end":{"line":27,"column":27}},"27":{"start":{"line":28,"column":0},"end":{"line":28,"column":14}},"28":{"start":{"line":29,"column":0},"end":{"line":29,"column":84}},"29":{"start":{"line":30,"column":0},"end":{"line":30,"column":7}},"30":{"start":{"line":31,"column":0},"end":{"line":31,"column":105}},"31":{"start":{"line":32,"column":0},"end":{"line":32,"column":52}},"32":{"start":{"line":33,"column":0},"end":{"line":33,"column":0}},"33":{"start":{"line":34,"column":0},"end":{"line":34,"column":0}},"34":{"start":{"line":35,"column":0},"end":{"line":35,"column":25}},"35":{"start":{"line":36,"column":0},"end":{"line":36,"column":40}},"36":{"start":{"line":37,"column":0},"end":{"line":37,"column":91}},"37":{"start":{"line":38,"column":0},"end":{"line":38,"column":2}},"38":{"start":{"line":39,"column":0},"end":{"line":39,"column":17}},"39":{"start":{"line":40,"column":0},"end":{"line":40,"column":71}},"40":{"start":{"line":41,"column":0},"end":{"line":41,"column":7}},"41":{"start":{"line":42,"column":0},"end":{"line":42,"column":20}},"42":{"start":{"line":43,"column":0},"end":{"line":43,"column":77}},"43":{"start":{"line":44,"column":0},"end":{"line":44,"column":7}},"44":{"start":{"line":45,"column":0},"end":{"line":45,"column":23}},"45":{"start":{"line":46,"column":0},"end":{"line":46,"column":83}},"46":{"start":{"line":47,"column":0},"end":{"line":47,"column":7}},"47":{"start":{"line":48,"column":0},"end":{"line":48,"column":51}},"48":{"start":{"line":49,"column":0},"end":{"line":49,"column":54}},"49":{"start":{"line":50,"column":0},"end":{"line":50,"column":111}},"50":{"start":{"line":51,"column":0},"end":{"line":51,"column":101}},"51":{"start":{"line":52,"column":0},"end":{"line":52,"column":5}},"52":{"start":{"line":53,"column":0},"end":{"line":53,"column":0}},"53":{"start":{"line":54,"column":0},"end":{"line":54,"column":33}},"54":{"start":{"line":55,"column":0},"end":{"line":55,"column":25}},"55":{"start":{"line":56,"column":0},"end":{"line":56,"column":52}},"56":{"start":{"line":57,"column":0},"end":{"line":57,"column":40}},"57":{"start":{"line":58,"column":0},"end":{"line":58,"column":119}},"58":{"start":{"line":59,"column":0},"end":{"line":59,"column":9}},"59":{"start":{"line":60,"column":0},"end":{"line":60,"column":57}},"60":{"start":{"line":61,"column":0},"end":{"line":61,"column":50}},"61":{"start":{"line":62,"column":0},"end":{"line":62,"column":142}},"62":{"start":{"line":63,"column":0},"end":{"line":63,"column":9}},"63":{"start":{"line":64,"column":0},"end":{"line":64,"column":20}},"64":{"start":{"line":65,"column":0},"end":{"line":65,"column":5}},"65":{"start":{"line":66,"column":0},"end":{"line":66,"column":0}},"66":{"start":{"line":67,"column":0},"end":{"line":67,"column":32}},"67":{"start":{"line":68,"column":0},"end":{"line":68,"column":24}},"68":{"start":{"line":69,"column":0},"end":{"line":69,"column":45}},"69":{"start":{"line":70,"column":0},"end":{"line":70,"column":5}},"70":{"start":{"line":71,"column":0},"end":{"line":71,"column":3}},"71":{"start":{"line":72,"column":0},"end":{"line":72,"column":2}},"72":{"start":{"line":73,"column":0},"end":{"line":73,"column":95}},"73":{"start":{"line":74,"column":0},"end":{"line":74,"column":76}},"74":{"start":{"line":75,"column":0},"end":{"line":75,"column":30}},"75":{"start":{"line":76,"column":0},"end":{"line":76,"column":22}},"76":{"start":{"line":77,"column":0},"end":{"line":77,"column":41}},"77":{"start":{"line":78,"column":0},"end":{"line":78,"column":3}},"78":{"start":{"line":79,"column":0},"end":{"line":79,"column":31}},"79":{"start":{"line":80,"column":0},"end":{"line":80,"column":64}},"80":{"start":{"line":81,"column":0},"end":{"line":81,"column":3}},"81":{"start":{"line":82,"column":0},"end":{"line":82,"column":1}},"82":{"start":{"line":83,"column":0},"end":{"line":83,"column":10}},"83":{"start":{"line":84,"column":0},"end":{"line":84,"column":19}},"84":{"start":{"line":85,"column":0},"end":{"line":85,"column":10}},"85":{"start":{"line":86,"column":0},"end":{"line":86,"column":4}},"86":{"start":{"line":87,"column":0},"end":{"line":87,"column":1}}},"s":{"0":1,"1":1,"2":1,"3":33,"4":31,"5":31,"6":31,"7":31,"8":31,"9":31,"10":15,"11":9,"12":15,"13":6,"14":6,"15":15,"16":31,"17":33,"18":30,"19":4,"20":4,"21":30,"22":26,"23":26,"24":30,"25":4,"26":4,"27":30,"28":26,"29":26,"30":30,"31":30,"32":30,"33":30,"34":30,"35":18,"36":18,"37":18,"38":18,"39":5,"40":5,"41":18,"42":5,"43":5,"44":18,"45":5,"46":5,"47":18,"48":18,"49":18,"50":18,"51":18,"52":30,"53":30,"54":30,"55":3,"56":9,"57":6,"58":6,"59":9,"60":3,"61":3,"62":3,"63":3,"64":3,"65":30,"66":30,"67":30,"68":2,"69":2,"70":30,"71":31,"72":31,"73":31,"74":31,"75":33,"76":2,"77":2,"78":33,"79":8,"80":8,"81":31,"82":31,"83":31,"84":31,"85":31,"86":31},"branchMap":{"0":{"type":"branch","line":3,"loc":{"start":{"line":3,"column":7},"end":{"line":87,"column":1}},"locations":[{"start":{"line":3,"column":7},"end":{"line":87,"column":1}}]},"1":{"type":"branch","line":4,"loc":{"start":{"line":4,"column":16},"end":{"line":4,"column":40}},"locations":[{"start":{"line":4,"column":16},"end":{"line":4,"column":40}}]},"2":{"type":"branch","line":4,"loc":{"start":{"line":4,"column":38},"end":{"line":18,"column":34}},"locations":[{"start":{"line":4,"column":38},"end":{"line":18,"column":34}}]},"3":{"type":"branch","line":18,"loc":{"start":{"line":18,"column":34},"end":{"line":71,"column":3}},"locations":[{"start":{"line":18,"column":34},"end":{"line":71,"column":3}}]},"4":{"type":"branch","line":19,"loc":{"start":{"line":19,"column":35},"end":{"line":19,"column":66}},"locations":[{"start":{"line":19,"column":35},"end":{"line":19,"column":66}}]},"5":{"type":"branch","line":19,"loc":{"start":{"line":19,"column":66},"end":{"line":22,"column":13}},"locations":[{"start":{"line":19,"column":66},"end":{"line":22,"column":13}}]},"6":{"type":"branch","line":22,"loc":{"start":{"line":22,"column":6},"end":{"line":24,"column":7}},"locations":[{"start":{"line":22,"column":6},"end":{"line":24,"column":7}}]},"7":{"type":"branch","line":25,"loc":{"start":{"line":25,"column":18},"end":{"line":25,"column":66}},"locations":[{"start":{"line":25,"column":18},"end":{"line":25,"column":66}}]},"8":{"type":"branch","line":25,"loc":{"start":{"line":25,"column":54},"end":{"line":25,"column":86}},"locations":[{"start":{"line":25,"column":54},"end":{"line":25,"column":86}}]},"9":{"type":"branch","line":25,"loc":{"start":{"line":25,"column":86},"end":{"line":28,"column":13}},"locations":[{"start":{"line":25,"column":86},"end":{"line":28,"column":13}}]},"10":{"type":"branch","line":28,"loc":{"start":{"line":28,"column":6},"end":{"line":30,"column":7}},"locations":[{"start":{"line":28,"column":6},"end":{"line":30,"column":7}}]},"11":{"type":"branch","line":31,"loc":{"start":{"line":31,"column":17},"end":{"line":31,"column":73}},"locations":[{"start":{"line":31,"column":17},"end":{"line":31,"column":73}}]},"12":{"type":"branch","line":31,"loc":{"start":{"line":31,"column":73},"end":{"line":31,"column":105}},"locations":[{"start":{"line":31,"column":73},"end":{"line":31,"column":105}}]},"13":{"type":"branch","line":32,"loc":{"start":{"line":32,"column":24},"end":{"line":32,"column":52}},"locations":[{"start":{"line":32,"column":24},"end":{"line":32,"column":52}}]},"14":{"type":"branch","line":35,"loc":{"start":{"line":35,"column":24},"end":{"line":52,"column":5}},"locations":[{"start":{"line":35,"column":24},"end":{"line":52,"column":5}}]},"15":{"type":"branch","line":36,"loc":{"start":{"line":36,"column":26},"end":{"line":36,"column":40}},"locations":[{"start":{"line":36,"column":26},"end":{"line":36,"column":40}}]},"16":{"type":"branch","line":37,"loc":{"start":{"line":37,"column":77},"end":{"line":37,"column":91}},"locations":[{"start":{"line":37,"column":77},"end":{"line":37,"column":91}}]},"17":{"type":"branch","line":39,"loc":{"start":{"line":39,"column":16},"end":{"line":41,"column":7}},"locations":[{"start":{"line":39,"column":16},"end":{"line":41,"column":7}}]},"18":{"type":"branch","line":42,"loc":{"start":{"line":42,"column":19},"end":{"line":44,"column":7}},"locations":[{"start":{"line":42,"column":19},"end":{"line":44,"column":7}}]},"19":{"type":"branch","line":45,"loc":{"start":{"line":45,"column":22},"end":{"line":47,"column":7}},"locations":[{"start":{"line":45,"column":22},"end":{"line":47,"column":7}}]},"20":{"type":"branch","line":48,"loc":{"start":{"line":48,"column":16},"end":{"line":48,"column":51}},"locations":[{"start":{"line":48,"column":16},"end":{"line":48,"column":51}}]},"21":{"type":"branch","line":49,"loc":{"start":{"line":49,"column":21},"end":{"line":49,"column":54}},"locations":[{"start":{"line":49,"column":21},"end":{"line":49,"column":54}}]},"22":{"type":"branch","line":50,"loc":{"start":{"line":50,"column":10},"end":{"line":50,"column":72}},"locations":[{"start":{"line":50,"column":10},"end":{"line":50,"column":72}}]},"23":{"type":"branch","line":50,"loc":{"start":{"line":50,"column":72},"end":{"line":50,"column":111}},"locations":[{"start":{"line":50,"column":72},"end":{"line":50,"column":111}}]},"24":{"type":"branch","line":51,"loc":{"start":{"line":51,"column":10},"end":{"line":51,"column":62}},"locations":[{"start":{"line":51,"column":10},"end":{"line":51,"column":62}}]},"25":{"type":"branch","line":51,"loc":{"start":{"line":51,"column":62},"end":{"line":51,"column":101}},"locations":[{"start":{"line":51,"column":62},"end":{"line":51,"column":101}}]},"26":{"type":"branch","line":55,"loc":{"start":{"line":55,"column":24},"end":{"line":65,"column":5}},"locations":[{"start":{"line":55,"column":24},"end":{"line":65,"column":5}}]},"27":{"type":"branch","line":68,"loc":{"start":{"line":68,"column":23},"end":{"line":70,"column":5}},"locations":[{"start":{"line":68,"column":23},"end":{"line":70,"column":5}}]},"28":{"type":"branch","line":71,"loc":{"start":{"line":71,"column":2},"end":{"line":76,"column":14}},"locations":[{"start":{"line":71,"column":2},"end":{"line":76,"column":14}}]},"29":{"type":"branch","line":76,"loc":{"start":{"line":76,"column":9},"end":{"line":76,"column":21}},"locations":[{"start":{"line":76,"column":9},"end":{"line":76,"column":21}}]},"30":{"type":"branch","line":76,"loc":{"start":{"line":76,"column":21},"end":{"line":78,"column":3}},"locations":[{"start":{"line":76,"column":21},"end":{"line":78,"column":3}}]},"31":{"type":"branch","line":78,"loc":{"start":{"line":78,"column":2},"end":{"line":79,"column":30}},"locations":[{"start":{"line":78,"column":2},"end":{"line":79,"column":30}}]},"32":{"type":"branch","line":79,"loc":{"start":{"line":79,"column":30},"end":{"line":81,"column":3}},"locations":[{"start":{"line":79,"column":30},"end":{"line":81,"column":3}}]},"33":{"type":"branch","line":81,"loc":{"start":{"line":81,"column":2},"end":{"line":87,"column":1}},"locations":[{"start":{"line":81,"column":2},"end":{"line":87,"column":1}}]},"34":{"type":"branch","line":10,"loc":{"start":{"line":10,"column":2},"end":{"line":16,"column":3}},"locations":[{"start":{"line":10,"column":2},"end":{"line":16,"column":3}}]},"35":{"type":"branch","line":11,"loc":{"start":{"line":11,"column":25},"end":{"line":11,"column":53}},"locations":[{"start":{"line":11,"column":25},"end":{"line":11,"column":53}}]},"36":{"type":"branch","line":11,"loc":{"start":{"line":11,"column":46},"end":{"line":11,"column":67}},"locations":[{"start":{"line":11,"column":46},"end":{"line":11,"column":67}}]},"37":{"type":"branch","line":11,"loc":{"start":{"line":11,"column":67},"end":{"line":13,"column":11}},"locations":[{"start":{"line":11,"column":67},"end":{"line":13,"column":11}}]},"38":{"type":"branch","line":13,"loc":{"start":{"line":13,"column":4},"end":{"line":15,"column":5}},"locations":[{"start":{"line":13,"column":4},"end":{"line":15,"column":5}}]},"39":{"type":"branch","line":56,"loc":{"start":{"line":56,"column":40},"end":{"line":64,"column":7}},"locations":[{"start":{"line":56,"column":40},"end":{"line":64,"column":7}}]},"40":{"type":"branch","line":57,"loc":{"start":{"line":57,"column":39},"end":{"line":59,"column":9}},"locations":[{"start":{"line":57,"column":39},"end":{"line":59,"column":9}}]},"41":{"type":"branch","line":58,"loc":{"start":{"line":58,"column":62},"end":{"line":58,"column":104}},"locations":[{"start":{"line":58,"column":62},"end":{"line":58,"column":104}}]},"42":{"type":"branch","line":59,"loc":{"start":{"line":59,"column":8},"end":{"line":60,"column":56}},"locations":[{"start":{"line":59,"column":8},"end":{"line":60,"column":56}}]},"43":{"type":"branch","line":60,"loc":{"start":{"line":60,"column":56},"end":{"line":63,"column":9}},"locations":[{"start":{"line":60,"column":56},"end":{"line":63,"column":9}}]},"44":{"type":"branch","line":62,"loc":{"start":{"line":62,"column":80},"end":{"line":62,"column":122}},"locations":[{"start":{"line":62,"column":80},"end":{"line":62,"column":122}}]}},"b":{"0":[33],"1":[2],"2":[31],"3":[30],"4":[5],"5":[4],"6":[26],"7":[6],"8":[5],"9":[4],"10":[26],"11":[1],"12":[1],"13":[1],"14":[18],"15":[0],"16":[0],"17":[5],"18":[5],"19":[5],"20":[2],"21":[2],"22":[2],"23":[2],"24":[2],"25":[2],"26":[3],"27":[2],"28":[31],"29":[4],"30":[2],"31":[31],"32":[8],"33":[31],"34":[15],"35":[12],"36":[9],"37":[9],"38":[6],"39":[9],"40":[6],"41":[0],"42":[3],"43":[3],"44":[0]},"fnMap":{"0":{"name":"optimizeImage","decl":{"start":{"line":3,"column":7},"end":{"line":87,"column":1}},"loc":{"start":{"line":3,"column":7},"end":{"line":87,"column":1}},"line":3},"1":{"name":"validateAndPushFilterParam","decl":{"start":{"line":10,"column":2},"end":{"line":16,"column":3}},"loc":{"start":{"line":10,"column":2},"end":{"line":16,"column":3}},"line":10}},"f":{"0":33,"1":15}}
}
