{"/Users/alvarosabu/Projects/storyblok/storyblok-richtext/src/images-optimization.ts": {"path":"/Users/alvarosabu/Projects/storyblok/storyblok-richtext/src/images-optimization.ts","all":false,"statementMap":{"0":{"start":{"line":1,"column":0},"end":{"line":1,"column":51}},"1":{"start":{"line":2,"column":0},"end":{"line":2,"column":0}},"2":{"start":{"line":3,"column":0},"end":{"line":3,"column":143}},"3":{"start":{"line":4,"column":0},"end":{"line":4,"column":40}},"4":{"start":{"line":5,"column":0},"end":{"line":5,"column":12}},"5":{"start":{"line":6,"column":0},"end":{"line":6,"column":12}},"6":{"start":{"line":7,"column":0},"end":{"line":7,"column":44}},"7":{"start":{"line":8,"column":0},"end":{"line":8,"column":36}},"8":{"start":{"line":9,"column":0},"end":{"line":9,"column":0}},"9":{"start":{"line":10,"column":0},"end":{"line":10,"column":120}},"10":{"start":{"line":11,"column":0},"end":{"line":11,"column":68}},"11":{"start":{"line":12,"column":0},"end":{"line":12,"column":150}},"12":{"start":{"line":13,"column":0},"end":{"line":13,"column":12}},"13":{"start":{"line":14,"column":0},"end":{"line":14,"column":47}},"14":{"start":{"line":15,"column":0},"end":{"line":15,"column":5}},"15":{"start":{"line":16,"column":0},"end":{"line":16,"column":3}},"16":{"start":{"line":17,"column":0},"end":{"line":17,"column":0}},"17":{"start":{"line":18,"column":0},"end":{"line":18,"column":35}},"18":{"start":{"line":19,"column":0},"end":{"line":19,"column":67}},"19":{"start":{"line":20,"column":0},"end":{"line":20,"column":36}},"20":{"start":{"line":21,"column":0},"end":{"line":21,"column":26}},"21":{"start":{"line":22,"column":0},"end":{"line":22,"column":14}},"22":{"start":{"line":23,"column":0},"end":{"line":23,"column":83}},"23":{"start":{"line":24,"column":0},"end":{"line":24,"column":7}},"24":{"start":{"line":25,"column":0},"end":{"line":25,"column":87}},"25":{"start":{"line":26,"column":0},"end":{"line":26,"column":38}},"26":{"start":{"line":27,"column":0},"end":{"line":27,"column":27}},"27":{"start":{"line":28,"column":0},"end":{"line":28,"column":14}},"28":{"start":{"line":29,"column":0},"end":{"line":29,"column":84}},"29":{"start":{"line":30,"column":0},"end":{"line":30,"column":7}},"30":{"start":{"line":31,"column":0},"end":{"line":31,"column":105}},"31":{"start":{"line":32,"column":0},"end":{"line":32,"column":52}},"32":{"start":{"line":33,"column":0},"end":{"line":33,"column":0}},"33":{"start":{"line":34,"column":0},"end":{"line":34,"column":0}},"34":{"start":{"line":35,"column":0},"end":{"line":35,"column":25}},"35":{"start":{"line":36,"column":0},"end":{"line":36,"column":40}},"36":{"start":{"line":37,"column":0},"end":{"line":37,"column":91}},"37":{"start":{"line":38,"column":0},"end":{"line":38,"column":2}},"38":{"start":{"line":39,"column":0},"end":{"line":39,"column":17}},"39":{"start":{"line":40,"column":0},"end":{"line":40,"column":71}},"40":{"start":{"line":41,"column":0},"end":{"line":41,"column":7}},"41":{"start":{"line":42,"column":0},"end":{"line":42,"column":20}},"42":{"start":{"line":43,"column":0},"end":{"line":43,"column":77}},"43":{"start":{"line":44,"column":0},"end":{"line":44,"column":7}},"44":{"start":{"line":45,"column":0},"end":{"line":45,"column":23}},"45":{"start":{"line":46,"column":0},"end":{"line":46,"column":83}},"46":{"start":{"line":47,"column":0},"end":{"line":47,"column":7}},"47":{"start":{"line":48,"column":0},"end":{"line":48,"column":51}},"48":{"start":{"line":49,"column":0},"end":{"line":49,"column":54}},"49":{"start":{"line":50,"column":0},"end":{"line":50,"column":108}},"50":{"start":{"line":51,"column":0},"end":{"line":51,"column":101}},"51":{"start":{"line":52,"column":0},"end":{"line":52,"column":5}},"52":{"start":{"line":53,"column":0},"end":{"line":53,"column":0}},"53":{"start":{"line":54,"column":0},"end":{"line":54,"column":33}},"54":{"start":{"line":55,"column":0},"end":{"line":55,"column":25}},"55":{"start":{"line":56,"column":0},"end":{"line":56,"column":52}},"56":{"start":{"line":57,"column":0},"end":{"line":57,"column":40}},"57":{"start":{"line":58,"column":0},"end":{"line":58,"column":119}},"58":{"start":{"line":59,"column":0},"end":{"line":59,"column":9}},"59":{"start":{"line":60,"column":0},"end":{"line":60,"column":57}},"60":{"start":{"line":61,"column":0},"end":{"line":61,"column":50}},"61":{"start":{"line":62,"column":0},"end":{"line":62,"column":142}},"62":{"start":{"line":63,"column":0},"end":{"line":63,"column":9}},"63":{"start":{"line":64,"column":0},"end":{"line":64,"column":20}},"64":{"start":{"line":65,"column":0},"end":{"line":65,"column":5}},"65":{"start":{"line":66,"column":0},"end":{"line":66,"column":0}},"66":{"start":{"line":67,"column":0},"end":{"line":67,"column":32}},"67":{"start":{"line":68,"column":0},"end":{"line":68,"column":24}},"68":{"start":{"line":69,"column":0},"end":{"line":69,"column":45}},"69":{"start":{"line":70,"column":0},"end":{"line":70,"column":5}},"70":{"start":{"line":71,"column":0},"end":{"line":71,"column":3}},"71":{"start":{"line":72,"column":0},"end":{"line":72,"column":2}},"72":{"start":{"line":73,"column":0},"end":{"line":73,"column":95}},"73":{"start":{"line":74,"column":0},"end":{"line":74,"column":76}},"74":{"start":{"line":75,"column":0},"end":{"line":75,"column":30}},"75":{"start":{"line":76,"column":0},"end":{"line":76,"column":22}},"76":{"start":{"line":77,"column":0},"end":{"line":77,"column":41}},"77":{"start":{"line":78,"column":0},"end":{"line":78,"column":3}},"78":{"start":{"line":79,"column":0},"end":{"line":79,"column":31}},"79":{"start":{"line":80,"column":0},"end":{"line":80,"column":64}},"80":{"start":{"line":81,"column":0},"end":{"line":81,"column":3}},"81":{"start":{"line":82,"column":0},"end":{"line":82,"column":1}},"82":{"start":{"line":83,"column":0},"end":{"line":83,"column":10}},"83":{"start":{"line":84,"column":0},"end":{"line":84,"column":19}},"84":{"start":{"line":85,"column":0},"end":{"line":85,"column":10}},"85":{"start":{"line":86,"column":0},"end":{"line":86,"column":4}},"86":{"start":{"line":87,"column":0},"end":{"line":87,"column":1}}},"s":{"0":1,"1":1,"2":1,"3":33,"4":31,"5":31,"6":31,"7":31,"8":31,"9":31,"10":15,"11":9,"12":15,"13":6,"14":6,"15":15,"16":31,"17":33,"18":30,"19":4,"20":4,"21":30,"22":26,"23":26,"24":30,"25":4,"26":4,"27":30,"28":26,"29":26,"30":30,"31":30,"32":30,"33":30,"34":30,"35":18,"36":18,"37":18,"38":18,"39":5,"40":5,"41":18,"42":5,"43":5,"44":18,"45":5,"46":5,"47":18,"48":18,"49":18,"50":18,"51":18,"52":30,"53":30,"54":30,"55":3,"56":9,"57":6,"58":6,"59":9,"60":3,"61":3,"62":3,"63":3,"64":3,"65":30,"66":30,"67":30,"68":2,"69":2,"70":30,"71":31,"72":31,"73":31,"74":31,"75":33,"76":2,"77":2,"78":33,"79":8,"80":8,"81":31,"82":31,"83":31,"84":31,"85":31,"86":31},"branchMap":{"0":{"type":"branch","line":3,"loc":{"start":{"line":3,"column":7},"end":{"line":87,"column":1}},"locations":[{"start":{"line":3,"column":7},"end":{"line":87,"column":1}}]},"1":{"type":"branch","line":4,"loc":{"start":{"line":4,"column":16},"end":{"line":4,"column":40}},"locations":[{"start":{"line":4,"column":16},"end":{"line":4,"column":40}}]},"2":{"type":"branch","line":4,"loc":{"start":{"line":4,"column":38},"end":{"line":18,"column":34}},"locations":[{"start":{"line":4,"column":38},"end":{"line":18,"column":34}}]},"3":{"type":"branch","line":18,"loc":{"start":{"line":18,"column":34},"end":{"line":71,"column":3}},"locations":[{"start":{"line":18,"column":34},"end":{"line":71,"column":3}}]},"4":{"type":"branch","line":19,"loc":{"start":{"line":19,"column":35},"end":{"line":19,"column":66}},"locations":[{"start":{"line":19,"column":35},"end":{"line":19,"column":66}}]},"5":{"type":"branch","line":19,"loc":{"start":{"line":19,"column":66},"end":{"line":22,"column":13}},"locations":[{"start":{"line":19,"column":66},"end":{"line":22,"column":13}}]},"6":{"type":"branch","line":22,"loc":{"start":{"line":22,"column":6},"end":{"line":24,"column":7}},"locations":[{"start":{"line":22,"column":6},"end":{"line":24,"column":7}}]},"7":{"type":"branch","line":25,"loc":{"start":{"line":25,"column":18},"end":{"line":25,"column":66}},"locations":[{"start":{"line":25,"column":18},"end":{"line":25,"column":66}}]},"8":{"type":"branch","line":25,"loc":{"start":{"line":25,"column":54},"end":{"line":25,"column":86}},"locations":[{"start":{"line":25,"column":54},"end":{"line":25,"column":86}}]},"9":{"type":"branch","line":25,"loc":{"start":{"line":25,"column":86},"end":{"line":28,"column":13}},"locations":[{"start":{"line":25,"column":86},"end":{"line":28,"column":13}}]},"10":{"type":"branch","line":28,"loc":{"start":{"line":28,"column":6},"end":{"line":30,"column":7}},"locations":[{"start":{"line":28,"column":6},"end":{"line":30,"column":7}}]},"11":{"type":"branch","line":31,"loc":{"start":{"line":31,"column":17},"end":{"line":31,"column":73}},"locations":[{"start":{"line":31,"column":17},"end":{"line":31,"column":73}}]},"12":{"type":"branch","line":31,"loc":{"start":{"line":31,"column":73},"end":{"line":31,"column":105}},"locations":[{"start":{"line":31,"column":73},"end":{"line":31,"column":105}}]},"13":{"type":"branch","line":32,"loc":{"start":{"line":32,"column":24},"end":{"line":32,"column":52}},"locations":[{"start":{"line":32,"column":24},"end":{"line":32,"column":52}}]},"14":{"type":"branch","line":35,"loc":{"start":{"line":35,"column":24},"end":{"line":52,"column":5}},"locations":[{"start":{"line":35,"column":24},"end":{"line":52,"column":5}}]},"15":{"type":"branch","line":36,"loc":{"start":{"line":36,"column":26},"end":{"line":36,"column":40}},"locations":[{"start":{"line":36,"column":26},"end":{"line":36,"column":40}}]},"16":{"type":"branch","line":37,"loc":{"start":{"line":37,"column":77},"end":{"line":37,"column":91}},"locations":[{"start":{"line":37,"column":77},"end":{"line":37,"column":91}}]},"17":{"type":"branch","line":39,"loc":{"start":{"line":39,"column":16},"end":{"line":41,"column":7}},"locations":[{"start":{"line":39,"column":16},"end":{"line":41,"column":7}}]},"18":{"type":"branch","line":42,"loc":{"start":{"line":42,"column":19},"end":{"line":44,"column":7}},"locations":[{"start":{"line":42,"column":19},"end":{"line":44,"column":7}}]},"19":{"type":"branch","line":45,"loc":{"start":{"line":45,"column":22},"end":{"line":47,"column":7}},"locations":[{"start":{"line":45,"column":22},"end":{"line":47,"column":7}}]},"20":{"type":"branch","line":48,"loc":{"start":{"line":48,"column":16},"end":{"line":48,"column":51}},"locations":[{"start":{"line":48,"column":16},"end":{"line":48,"column":51}}]},"21":{"type":"branch","line":49,"loc":{"start":{"line":49,"column":21},"end":{"line":49,"column":54}},"locations":[{"start":{"line":49,"column":21},"end":{"line":49,"column":54}}]},"22":{"type":"branch","line":50,"loc":{"start":{"line":50,"column":10},"end":{"line":50,"column":69}},"locations":[{"start":{"line":50,"column":10},"end":{"line":50,"column":69}}]},"23":{"type":"branch","line":50,"loc":{"start":{"line":50,"column":69},"end":{"line":50,"column":108}},"locations":[{"start":{"line":50,"column":69},"end":{"line":50,"column":108}}]},"24":{"type":"branch","line":51,"loc":{"start":{"line":51,"column":10},"end":{"line":51,"column":62}},"locations":[{"start":{"line":51,"column":10},"end":{"line":51,"column":62}}]},"25":{"type":"branch","line":51,"loc":{"start":{"line":51,"column":62},"end":{"line":51,"column":101}},"locations":[{"start":{"line":51,"column":62},"end":{"line":51,"column":101}}]},"26":{"type":"branch","line":55,"loc":{"start":{"line":55,"column":24},"end":{"line":65,"column":5}},"locations":[{"start":{"line":55,"column":24},"end":{"line":65,"column":5}}]},"27":{"type":"branch","line":68,"loc":{"start":{"line":68,"column":23},"end":{"line":70,"column":5}},"locations":[{"start":{"line":68,"column":23},"end":{"line":70,"column":5}}]},"28":{"type":"branch","line":71,"loc":{"start":{"line":71,"column":2},"end":{"line":76,"column":14}},"locations":[{"start":{"line":71,"column":2},"end":{"line":76,"column":14}}]},"29":{"type":"branch","line":76,"loc":{"start":{"line":76,"column":9},"end":{"line":76,"column":21}},"locations":[{"start":{"line":76,"column":9},"end":{"line":76,"column":21}}]},"30":{"type":"branch","line":76,"loc":{"start":{"line":76,"column":21},"end":{"line":78,"column":3}},"locations":[{"start":{"line":76,"column":21},"end":{"line":78,"column":3}}]},"31":{"type":"branch","line":78,"loc":{"start":{"line":78,"column":2},"end":{"line":79,"column":30}},"locations":[{"start":{"line":78,"column":2},"end":{"line":79,"column":30}}]},"32":{"type":"branch","line":79,"loc":{"start":{"line":79,"column":30},"end":{"line":81,"column":3}},"locations":[{"start":{"line":79,"column":30},"end":{"line":81,"column":3}}]},"33":{"type":"branch","line":81,"loc":{"start":{"line":81,"column":2},"end":{"line":87,"column":1}},"locations":[{"start":{"line":81,"column":2},"end":{"line":87,"column":1}}]},"34":{"type":"branch","line":10,"loc":{"start":{"line":10,"column":2},"end":{"line":16,"column":3}},"locations":[{"start":{"line":10,"column":2},"end":{"line":16,"column":3}}]},"35":{"type":"branch","line":11,"loc":{"start":{"line":11,"column":25},"end":{"line":11,"column":53}},"locations":[{"start":{"line":11,"column":25},"end":{"line":11,"column":53}}]},"36":{"type":"branch","line":11,"loc":{"start":{"line":11,"column":46},"end":{"line":11,"column":67}},"locations":[{"start":{"line":11,"column":46},"end":{"line":11,"column":67}}]},"37":{"type":"branch","line":11,"loc":{"start":{"line":11,"column":67},"end":{"line":13,"column":11}},"locations":[{"start":{"line":11,"column":67},"end":{"line":13,"column":11}}]},"38":{"type":"branch","line":13,"loc":{"start":{"line":13,"column":4},"end":{"line":15,"column":5}},"locations":[{"start":{"line":13,"column":4},"end":{"line":15,"column":5}}]},"39":{"type":"branch","line":56,"loc":{"start":{"line":56,"column":40},"end":{"line":64,"column":7}},"locations":[{"start":{"line":56,"column":40},"end":{"line":64,"column":7}}]},"40":{"type":"branch","line":57,"loc":{"start":{"line":57,"column":39},"end":{"line":59,"column":9}},"locations":[{"start":{"line":57,"column":39},"end":{"line":59,"column":9}}]},"41":{"type":"branch","line":58,"loc":{"start":{"line":58,"column":62},"end":{"line":58,"column":104}},"locations":[{"start":{"line":58,"column":62},"end":{"line":58,"column":104}}]},"42":{"type":"branch","line":59,"loc":{"start":{"line":59,"column":8},"end":{"line":60,"column":56}},"locations":[{"start":{"line":59,"column":8},"end":{"line":60,"column":56}}]},"43":{"type":"branch","line":60,"loc":{"start":{"line":60,"column":56},"end":{"line":63,"column":9}},"locations":[{"start":{"line":60,"column":56},"end":{"line":63,"column":9}}]},"44":{"type":"branch","line":62,"loc":{"start":{"line":62,"column":80},"end":{"line":62,"column":122}},"locations":[{"start":{"line":62,"column":80},"end":{"line":62,"column":122}}]}},"b":{"0":[33],"1":[2],"2":[31],"3":[30],"4":[5],"5":[4],"6":[26],"7":[6],"8":[5],"9":[4],"10":[26],"11":[1],"12":[1],"13":[1],"14":[18],"15":[0],"16":[0],"17":[5],"18":[5],"19":[5],"20":[2],"21":[2],"22":[2],"23":[2],"24":[2],"25":[2],"26":[3],"27":[2],"28":[31],"29":[4],"30":[2],"31":[31],"32":[8],"33":[31],"34":[15],"35":[12],"36":[9],"37":[9],"38":[6],"39":[9],"40":[6],"41":[0],"42":[3],"43":[3],"44":[0]},"fnMap":{"0":{"name":"optimizeImage","decl":{"start":{"line":3,"column":7},"end":{"line":87,"column":1}},"loc":{"start":{"line":3,"column":7},"end":{"line":87,"column":1}},"line":3},"1":{"name":"validateAndPushFilterParam","decl":{"start":{"line":10,"column":2},"end":{"line":16,"column":3}},"loc":{"start":{"line":10,"column":2},"end":{"line":16,"column":3}},"line":10}},"f":{"0":33,"1":15}}
,"/Users/alvarosabu/Projects/storyblok/storyblok-richtext/src/richtext.ts": {"path":"/Users/alvarosabu/Projects/storyblok/storyblok-richtext/src/richtext.ts","all":false,"statementMap":{"0":{"start":{"line":1,"column":0},"end":{"line":1,"column":53}},"1":{"start":{"line":2,"column":0},"end":{"line":2,"column":69}},"2":{"start":{"line":3,"column":0},"end":{"line":3,"column":99}},"3":{"start":{"line":4,"column":0},"end":{"line":4,"column":0}},"4":{"start":{"line":5,"column":0},"end":{"line":5,"column":60}},"5":{"start":{"line":6,"column":0},"end":{"line":6,"column":80}},"6":{"start":{"line":7,"column":0},"end":{"line":7,"column":39}},"7":{"start":{"line":8,"column":0},"end":{"line":8,"column":12}},"8":{"start":{"line":9,"column":0},"end":{"line":9,"column":0}},"9":{"start":{"line":10,"column":0},"end":{"line":10,"column":79}},"10":{"start":{"line":11,"column":0},"end":{"line":11,"column":38}},"11":{"start":{"line":12,"column":0},"end":{"line":12,"column":13}},"12":{"start":{"line":13,"column":0},"end":{"line":13,"column":0}},"13":{"start":{"line":14,"column":0},"end":{"line":14,"column":49}},"14":{"start":{"line":15,"column":0},"end":{"line":15,"column":19}},"15":{"start":{"line":16,"column":0},"end":{"line":16,"column":27}},"16":{"start":{"line":17,"column":0},"end":{"line":17,"column":26}},"17":{"start":{"line":18,"column":0},"end":{"line":18,"column":26}},"18":{"start":{"line":19,"column":0},"end":{"line":19,"column":28}},"19":{"start":{"line":20,"column":0},"end":{"line":20,"column":28}},"20":{"start":{"line":21,"column":0},"end":{"line":21,"column":1}},"21":{"start":{"line":22,"column":0},"end":{"line":22,"column":0}},"22":{"start":{"line":23,"column":0},"end":{"line":23,"column":107}},"23":{"start":{"line":24,"column":0},"end":{"line":24,"column":42}},"24":{"start":{"line":25,"column":0},"end":{"line":25,"column":63}},"25":{"start":{"line":26,"column":0},"end":{"line":26,"column":113}},"26":{"start":{"line":27,"column":0},"end":{"line":27,"column":1}},"27":{"start":{"line":28,"column":0},"end":{"line":28,"column":0}},"28":{"start":{"line":29,"column":0},"end":{"line":29,"column":69}},"29":{"start":{"line":30,"column":0},"end":{"line":30,"column":69}},"30":{"start":{"line":31,"column":0},"end":{"line":31,"column":20}},"31":{"start":{"line":32,"column":0},"end":{"line":32,"column":9}},"32":{"start":{"line":33,"column":0},"end":{"line":33,"column":31}},"33":{"start":{"line":34,"column":0},"end":{"line":34,"column":24}},"34":{"start":{"line":35,"column":0},"end":{"line":35,"column":19}},"35":{"start":{"line":36,"column":0},"end":{"line":36,"column":27}},"36":{"start":{"line":37,"column":0},"end":{"line":37,"column":13}},"37":{"start":{"line":38,"column":0},"end":{"line":38,"column":181}},"38":{"start":{"line":39,"column":0},"end":{"line":39,"column":0}},"39":{"start":{"line":40,"column":0},"end":{"line":40,"column":61}},"40":{"start":{"line":41,"column":0},"end":{"line":41,"column":51}},"41":{"start":{"line":42,"column":0},"end":{"line":42,"column":23}},"42":{"start":{"line":43,"column":0},"end":{"line":43,"column":24}},"43":{"start":{"line":44,"column":0},"end":{"line":44,"column":0}},"44":{"start":{"line":45,"column":0},"end":{"line":45,"column":24}},"45":{"start":{"line":46,"column":0},"end":{"line":46,"column":94}},"46":{"start":{"line":47,"column":0},"end":{"line":47,"column":30}},"47":{"start":{"line":48,"column":0},"end":{"line":48,"column":34}},"48":{"start":{"line":49,"column":0},"end":{"line":49,"column":5}},"49":{"start":{"line":50,"column":0},"end":{"line":50,"column":22}},"50":{"start":{"line":51,"column":0},"end":{"line":51,"column":20}},"51":{"start":{"line":52,"column":0},"end":{"line":52,"column":21}},"52":{"start":{"line":53,"column":0},"end":{"line":53,"column":14}},"53":{"start":{"line":54,"column":0},"end":{"line":54,"column":20}},"54":{"start":{"line":55,"column":0},"end":{"line":55,"column":6}},"55":{"start":{"line":56,"column":0},"end":{"line":56,"column":0}},"56":{"start":{"line":57,"column":0},"end":{"line":57,"column":46}},"57":{"start":{"line":58,"column":0},"end":{"line":58,"column":4}},"58":{"start":{"line":59,"column":0},"end":{"line":59,"column":66}},"59":{"start":{"line":60,"column":0},"end":{"line":60,"column":47}},"60":{"start":{"line":61,"column":0},"end":{"line":61,"column":110}},"61":{"start":{"line":62,"column":0},"end":{"line":62,"column":3}},"62":{"start":{"line":63,"column":0},"end":{"line":63,"column":0}},"63":{"start":{"line":64,"column":0},"end":{"line":64,"column":78}},"64":{"start":{"line":65,"column":0},"end":{"line":65,"column":25}},"65":{"start":{"line":66,"column":0},"end":{"line":66,"column":34}},"66":{"start":{"line":67,"column":0},"end":{"line":67,"column":31}},"67":{"start":{"line":68,"column":0},"end":{"line":68,"column":33}},"68":{"start":{"line":69,"column":0},"end":{"line":69,"column":22}},"69":{"start":{"line":70,"column":0},"end":{"line":70,"column":35}},"70":{"start":{"line":71,"column":0},"end":{"line":71,"column":25}},"71":{"start":{"line":72,"column":0},"end":{"line":72,"column":69}},"72":{"start":{"line":73,"column":0},"end":{"line":73,"column":23}},"73":{"start":{"line":74,"column":0},"end":{"line":74,"column":20}},"74":{"start":{"line":75,"column":0},"end":{"line":75,"column":21}},"75":{"start":{"line":76,"column":0},"end":{"line":76,"column":0}},"76":{"start":{"line":77,"column":0},"end":{"line":77,"column":68}},"77":{"start":{"line":78,"column":0},"end":{"line":78,"column":160}},"78":{"start":{"line":79,"column":0},"end":{"line":79,"column":3}},"79":{"start":{"line":80,"column":0},"end":{"line":80,"column":0}},"80":{"start":{"line":81,"column":0},"end":{"line":81,"column":38}},"81":{"start":{"line":82,"column":0},"end":{"line":82,"column":98}},"82":{"start":{"line":83,"column":0},"end":{"line":83,"column":31}},"83":{"start":{"line":84,"column":0},"end":{"line":84,"column":9}},"84":{"start":{"line":85,"column":0},"end":{"line":85,"column":37}},"85":{"start":{"line":86,"column":0},"end":{"line":86,"column":38}},"86":{"start":{"line":87,"column":0},"end":{"line":87,"column":9}},"87":{"start":{"line":88,"column":0},"end":{"line":88,"column":74}},"88":{"start":{"line":89,"column":0},"end":{"line":89,"column":3}},"89":{"start":{"line":90,"column":0},"end":{"line":90,"column":0}},"90":{"start":{"line":91,"column":0},"end":{"line":91,"column":39}},"91":{"start":{"line":92,"column":0},"end":{"line":92,"column":55}},"92":{"start":{"line":93,"column":0},"end":{"line":93,"column":73}},"93":{"start":{"line":94,"column":0},"end":{"line":94,"column":39}},"94":{"start":{"line":95,"column":0},"end":{"line":95,"column":3}},"95":{"start":{"line":96,"column":0},"end":{"line":96,"column":0}},"96":{"start":{"line":97,"column":0},"end":{"line":97,"column":34}},"97":{"start":{"line":98,"column":0},"end":{"line":98,"column":63}},"98":{"start":{"line":99,"column":0},"end":{"line":99,"column":50}},"99":{"start":{"line":100,"column":0},"end":{"line":100,"column":25}},"100":{"start":{"line":101,"column":0},"end":{"line":101,"column":83}},"101":{"start":{"line":102,"column":0},"end":{"line":102,"column":0}},"102":{"start":{"line":103,"column":0},"end":{"line":103,"column":18}},"103":{"start":{"line":104,"column":0},"end":{"line":104,"column":23}},"104":{"start":{"line":105,"column":0},"end":{"line":105,"column":124}},"105":{"start":{"line":106,"column":0},"end":{"line":106,"column":100}},"106":{"start":{"line":107,"column":0},"end":{"line":107,"column":9}},"107":{"start":{"line":108,"column":0},"end":{"line":108,"column":75}},"108":{"start":{"line":109,"column":0},"end":{"line":109,"column":5}},"109":{"start":{"line":110,"column":0},"end":{"line":110,"column":10}},"110":{"start":{"line":111,"column":0},"end":{"line":111,"column":66}},"111":{"start":{"line":112,"column":0},"end":{"line":112,"column":5}},"112":{"start":{"line":113,"column":0},"end":{"line":113,"column":3}},"113":{"start":{"line":114,"column":0},"end":{"line":114,"column":0}},"114":{"start":{"line":115,"column":0},"end":{"line":115,"column":28}},"115":{"start":{"line":116,"column":0},"end":{"line":116,"column":0}},"116":{"start":{"line":117,"column":0},"end":{"line":117,"column":60}},"117":{"start":{"line":118,"column":0},"end":{"line":118,"column":17}},"118":{"start":{"line":119,"column":0},"end":{"line":119,"column":81}},"119":{"start":{"line":120,"column":0},"end":{"line":120,"column":0}},"120":{"start":{"line":121,"column":0},"end":{"line":121,"column":35}},"121":{"start":{"line":122,"column":0},"end":{"line":122,"column":27}},"122":{"start":{"line":123,"column":0},"end":{"line":123,"column":25}},"123":{"start":{"line":124,"column":0},"end":{"line":124,"column":31}},"124":{"start":{"line":125,"column":0},"end":{"line":125,"column":13}},"125":{"start":{"line":126,"column":0},"end":{"line":126,"column":27}},"126":{"start":{"line":127,"column":0},"end":{"line":127,"column":43}},"127":{"start":{"line":128,"column":0},"end":{"line":128,"column":13}},"128":{"start":{"line":129,"column":0},"end":{"line":129,"column":27}},"129":{"start":{"line":130,"column":0},"end":{"line":130,"column":77}},"130":{"start":{"line":131,"column":0},"end":{"line":131,"column":42}},"131":{"start":{"line":132,"column":0},"end":{"line":132,"column":31}},"132":{"start":{"line":133,"column":0},"end":{"line":133,"column":13}},"133":{"start":{"line":134,"column":0},"end":{"line":134,"column":14}},"134":{"start":{"line":135,"column":0},"end":{"line":135,"column":57}},"135":{"start":{"line":136,"column":0},"end":{"line":136,"column":13}},"136":{"start":{"line":137,"column":0},"end":{"line":137,"column":5}},"137":{"start":{"line":138,"column":0},"end":{"line":138,"column":0}},"138":{"start":{"line":139,"column":0},"end":{"line":139,"column":108}},"139":{"start":{"line":140,"column":0},"end":{"line":140,"column":3}},"140":{"start":{"line":141,"column":0},"end":{"line":141,"column":0}},"141":{"start":{"line":142,"column":0},"end":{"line":142,"column":43}},"142":{"start":{"line":143,"column":0},"end":{"line":143,"column":68}},"143":{"start":{"line":144,"column":0},"end":{"line":144,"column":84}},"144":{"start":{"line":145,"column":0},"end":{"line":145,"column":29}},"145":{"start":{"line":146,"column":0},"end":{"line":146,"column":33}},"146":{"start":{"line":147,"column":0},"end":{"line":147,"column":25}},"147":{"start":{"line":148,"column":0},"end":{"line":148,"column":37}},"148":{"start":{"line":149,"column":0},"end":{"line":149,"column":29}},"149":{"start":{"line":150,"column":0},"end":{"line":150,"column":15}},"150":{"start":{"line":151,"column":0},"end":{"line":151,"column":3}},"151":{"start":{"line":152,"column":0},"end":{"line":152,"column":0}},"152":{"start":{"line":153,"column":0},"end":{"line":153,"column":63}},"153":{"start":{"line":154,"column":0},"end":{"line":154,"column":47}},"154":{"start":{"line":155,"column":0},"end":{"line":155,"column":42}},"155":{"start":{"line":156,"column":0},"end":{"line":156,"column":46}},"156":{"start":{"line":157,"column":0},"end":{"line":157,"column":45}},"157":{"start":{"line":158,"column":0},"end":{"line":158,"column":45}},"158":{"start":{"line":159,"column":0},"end":{"line":159,"column":47}},"159":{"start":{"line":160,"column":0},"end":{"line":160,"column":38}},"160":{"start":{"line":161,"column":0},"end":{"line":161,"column":38}},"161":{"start":{"line":162,"column":0},"end":{"line":162,"column":47}},"162":{"start":{"line":163,"column":0},"end":{"line":163,"column":40}},"163":{"start":{"line":164,"column":0},"end":{"line":164,"column":40}},"164":{"start":{"line":165,"column":0},"end":{"line":165,"column":51}},"165":{"start":{"line":166,"column":0},"end":{"line":166,"column":46}},"166":{"start":{"line":167,"column":0},"end":{"line":167,"column":35}},"167":{"start":{"line":168,"column":0},"end":{"line":168,"column":35}},"168":{"start":{"line":169,"column":0},"end":{"line":169,"column":37}},"169":{"start":{"line":170,"column":0},"end":{"line":170,"column":45}},"170":{"start":{"line":171,"column":0},"end":{"line":171,"column":45}},"171":{"start":{"line":172,"column":0},"end":{"line":172,"column":55}},"172":{"start":{"line":173,"column":0},"end":{"line":173,"column":43}},"173":{"start":{"line":174,"column":0},"end":{"line":174,"column":45}},"174":{"start":{"line":175,"column":0},"end":{"line":175,"column":42}},"175":{"start":{"line":176,"column":0},"end":{"line":176,"column":43}},"176":{"start":{"line":177,"column":0},"end":{"line":177,"column":49}},"177":{"start":{"line":178,"column":0},"end":{"line":178,"column":47}},"178":{"start":{"line":179,"column":0},"end":{"line":179,"column":48}},"179":{"start":{"line":180,"column":0},"end":{"line":180,"column":142}},"180":{"start":{"line":181,"column":0},"end":{"line":181,"column":4}},"181":{"start":{"line":182,"column":0},"end":{"line":182,"column":0}},"182":{"start":{"line":183,"column":0},"end":{"line":183,"column":41}},"183":{"start":{"line":184,"column":0},"end":{"line":184,"column":19}},"184":{"start":{"line":185,"column":0},"end":{"line":185,"column":51}},"185":{"start":{"line":186,"column":0},"end":{"line":186,"column":20}},"186":{"start":{"line":187,"column":0},"end":{"line":187,"column":82}},"187":{"start":{"line":188,"column":0},"end":{"line":188,"column":31}},"188":{"start":{"line":189,"column":0},"end":{"line":189,"column":5}},"189":{"start":{"line":190,"column":0},"end":{"line":190,"column":0}},"190":{"start":{"line":191,"column":0},"end":{"line":191,"column":31}},"191":{"start":{"line":192,"column":0},"end":{"line":192,"column":88}},"192":{"start":{"line":193,"column":0},"end":{"line":193,"column":5}},"193":{"start":{"line":194,"column":0},"end":{"line":194,"column":0}},"194":{"start":{"line":195,"column":0},"end":{"line":195,"column":72}},"195":{"start":{"line":196,"column":0},"end":{"line":196,"column":0}},"196":{"start":{"line":197,"column":0},"end":{"line":197,"column":21}},"197":{"start":{"line":198,"column":0},"end":{"line":198,"column":14}},"198":{"start":{"line":199,"column":0},"end":{"line":199,"column":78}},"199":{"start":{"line":200,"column":0},"end":{"line":200,"column":6}},"200":{"start":{"line":201,"column":0},"end":{"line":201,"column":3}},"201":{"start":{"line":202,"column":0},"end":{"line":202,"column":0}},"202":{"start":{"line":203,"column":0},"end":{"line":203,"column":37}},"203":{"start":{"line":204,"column":0},"end":{"line":204,"column":82}},"204":{"start":{"line":205,"column":0},"end":{"line":205,"column":3}},"205":{"start":{"line":206,"column":0},"end":{"line":206,"column":0}},"206":{"start":{"line":207,"column":0},"end":{"line":207,"column":10}},"207":{"start":{"line":208,"column":0},"end":{"line":208,"column":11}},"208":{"start":{"line":209,"column":0},"end":{"line":209,"column":3}},"209":{"start":{"line":210,"column":0},"end":{"line":210,"column":1}}},"s":{"0":1,"1":1,"2":1,"3":1,"4":1,"5":1,"6":5,"7":5,"8":1,"9":1,"10":0,"11":0,"12":1,"13":3,"14":3,"15":3,"16":3,"17":3,"18":3,"19":3,"20":3,"21":1,"22":5,"23":5,"24":5,"25":5,"26":5,"27":1,"28":1,"29":3,"30":3,"31":3,"32":3,"33":3,"34":3,"35":3,"36":3,"37":3,"38":3,"39":3,"40":0,"41":0,"42":0,"43":0,"44":0,"45":0,"46":0,"47":0,"48":0,"49":0,"50":0,"51":0,"52":0,"53":0,"54":0,"55":0,"56":0,"57":0,"58":3,"59":1,"60":1,"61":1,"62":3,"63":3,"64":0,"65":0,"66":0,"67":0,"68":0,"69":0,"70":0,"71":0,"72":0,"73":0,"74":0,"75":3,"76":3,"77":0,"78":0,"79":3,"80":3,"81":3,"82":2,"83":0,"84":0,"85":0,"86":0,"87":2,"88":2,"89":3,"90":3,"91":3,"92":3,"93":3,"94":3,"95":3,"96":3,"97":3,"98":4,"99":4,"100":4,"101":4,"102":4,"103":1,"104":1,"105":1,"106":1,"107":3,"108":4,"109":0,"110":0,"111":0,"112":4,"113":3,"114":3,"115":3,"116":3,"117":0,"118":0,"119":0,"120":0,"121":0,"122":0,"123":0,"124":0,"125":0,"126":0,"127":0,"128":0,"129":0,"130":0,"131":0,"132":0,"133":0,"134":0,"135":0,"136":0,"137":0,"138":0,"139":0,"140":3,"141":3,"142":3,"143":0,"144":0,"145":0,"146":0,"147":0,"148":0,"149":0,"150":0,"151":3,"152":3,"153":3,"154":3,"155":3,"156":3,"157":3,"158":3,"159":3,"160":3,"161":3,"162":3,"163":3,"164":3,"165":3,"166":3,"167":3,"168":3,"169":3,"170":3,"171":3,"172":3,"173":3,"174":3,"175":3,"176":3,"177":3,"178":3,"179":3,"180":3,"181":3,"182":3,"183":9,"184":9,"185":9,"186":0,"187":0,"188":0,"189":9,"190":9,"191":4,"192":4,"193":5,"194":9,"195":9,"196":9,"197":9,"198":9,"199":9,"200":9,"201":3,"202":3,"203":9,"204":9,"205":3,"206":3,"207":3,"208":3,"209":3},"branchMap":{"0":{"type":"branch","line":6,"loc":{"start":{"line":6,"column":22},"end":{"line":8,"column":12}},"locations":[{"start":{"line":6,"column":22},"end":{"line":8,"column":12}}]},"1":{"type":"branch","line":7,"loc":{"start":{"line":7,"column":7},"end":{"line":7,"column":38}},"locations":[{"start":{"line":7,"column":7},"end":{"line":7,"column":38}}]},"2":{"type":"branch","line":14,"loc":{"start":{"line":14,"column":0},"end":{"line":21,"column":1}},"locations":[{"start":{"line":14,"column":0},"end":{"line":21,"column":1}}]},"3":{"type":"branch","line":23,"loc":{"start":{"line":23,"column":0},"end":{"line":27,"column":1}},"locations":[{"start":{"line":23,"column":0},"end":{"line":27,"column":1}}]},"4":{"type":"branch","line":25,"loc":{"start":{"line":25,"column":55},"end":{"line":25,"column":63}},"locations":[{"start":{"line":25,"column":55},"end":{"line":25,"column":63}}]},"5":{"type":"branch","line":26,"loc":{"start":{"line":26,"column":48},"end":{"line":26,"column":72}},"locations":[{"start":{"line":26,"column":48},"end":{"line":26,"column":72}}]},"6":{"type":"branch","line":26,"loc":{"start":{"line":26,"column":68},"end":{"line":26,"column":86}},"locations":[{"start":{"line":26,"column":68},"end":{"line":26,"column":86}}]},"7":{"type":"branch","line":26,"loc":{"start":{"line":26,"column":72},"end":{"line":26,"column":86}},"locations":[{"start":{"line":26,"column":72},"end":{"line":26,"column":86}}]},"8":{"type":"branch","line":29,"loc":{"start":{"line":29,"column":7},"end":{"line":210,"column":1}},"locations":[{"start":{"line":29,"column":7},"end":{"line":210,"column":1}}]},"9":{"type":"branch","line":38,"loc":{"start":{"line":38,"column":23},"end":{"line":38,"column":181}},"locations":[{"start":{"line":38,"column":23},"end":{"line":38,"column":181}}]},"10":{"type":"branch","line":38,"loc":{"start":{"line":38,"column":57},"end":{"line":38,"column":181}},"locations":[{"start":{"line":38,"column":57},"end":{"line":38,"column":181}}]},"11":{"type":"branch","line":38,"loc":{"start":{"line":38,"column":152},"end":{"line":38,"column":175}},"locations":[{"start":{"line":38,"column":152},"end":{"line":38,"column":175}}]},"12":{"type":"branch","line":59,"loc":{"start":{"line":59,"column":43},"end":{"line":62,"column":3}},"locations":[{"start":{"line":59,"column":43},"end":{"line":62,"column":3}}]},"13":{"type":"branch","line":60,"loc":{"start":{"line":60,"column":36},"end":{"line":60,"column":47}},"locations":[{"start":{"line":60,"column":36},"end":{"line":60,"column":47}}]},"14":{"type":"branch","line":82,"loc":{"start":{"line":82,"column":23},"end":{"line":89,"column":3}},"locations":[{"start":{"line":82,"column":23},"end":{"line":89,"column":3}}]},"15":{"type":"branch","line":82,"loc":{"start":{"line":82,"column":73},"end":{"line":89,"column":3}},"locations":[{"start":{"line":82,"column":73},"end":{"line":89,"column":3}}]},"16":{"type":"branch","line":83,"loc":{"start":{"line":83,"column":25},"end":{"line":87,"column":9}},"locations":[{"start":{"line":83,"column":25},"end":{"line":87,"column":9}}]},"17":{"type":"branch","line":91,"loc":{"start":{"line":91,"column":20},"end":{"line":95,"column":3}},"locations":[{"start":{"line":91,"column":20},"end":{"line":95,"column":3}}]},"18":{"type":"branch","line":98,"loc":{"start":{"line":98,"column":40},"end":{"line":113,"column":3}},"locations":[{"start":{"line":98,"column":40},"end":{"line":113,"column":3}}]},"19":{"type":"branch","line":103,"loc":{"start":{"line":103,"column":13},"end":{"line":107,"column":9}},"locations":[{"start":{"line":103,"column":13},"end":{"line":107,"column":9}}]},"20":{"type":"branch","line":107,"loc":{"start":{"line":107,"column":8},"end":{"line":108,"column":75}},"locations":[{"start":{"line":107,"column":8},"end":{"line":108,"column":75}}]},"21":{"type":"branch","line":109,"loc":{"start":{"line":109,"column":4},"end":{"line":112,"column":5}},"locations":[{"start":{"line":109,"column":4},"end":{"line":112,"column":5}}]},"22":{"type":"branch","line":105,"loc":{"start":{"line":105,"column":10},"end":{"line":105,"column":124}},"locations":[{"start":{"line":105,"column":10},"end":{"line":105,"column":124}}]},"23":{"type":"branch","line":183,"loc":{"start":{"line":183,"column":2},"end":{"line":201,"column":3}},"locations":[{"start":{"line":183,"column":2},"end":{"line":201,"column":3}}]},"24":{"type":"branch","line":186,"loc":{"start":{"line":186,"column":19},"end":{"line":189,"column":5}},"locations":[{"start":{"line":186,"column":19},"end":{"line":189,"column":5}}]},"25":{"type":"branch","line":191,"loc":{"start":{"line":191,"column":30},"end":{"line":193,"column":5}},"locations":[{"start":{"line":191,"column":30},"end":{"line":193,"column":5}}]},"26":{"type":"branch","line":193,"loc":{"start":{"line":193,"column":4},"end":{"line":195,"column":36}},"locations":[{"start":{"line":193,"column":4},"end":{"line":195,"column":36}}]},"27":{"type":"branch","line":195,"loc":{"start":{"line":195,"column":26},"end":{"line":195,"column":63}},"locations":[{"start":{"line":195,"column":26},"end":{"line":195,"column":63}}]},"28":{"type":"branch","line":195,"loc":{"start":{"line":195,"column":59},"end":{"line":195,"column":72}},"locations":[{"start":{"line":195,"column":59},"end":{"line":195,"column":72}}]},"29":{"type":"branch","line":203,"loc":{"start":{"line":203,"column":2},"end":{"line":205,"column":3}},"locations":[{"start":{"line":203,"column":2},"end":{"line":205,"column":3}}]},"30":{"type":"branch","line":204,"loc":{"start":{"line":204,"column":29},"end":{"line":204,"column":61}},"locations":[{"start":{"line":204,"column":29},"end":{"line":204,"column":61}}]}},"b":{"0":[5],"1":[5],"2":[3],"3":[5],"4":[0],"5":[3],"6":[2],"7":[0],"8":[3],"9":[24],"10":[2],"11":[0],"12":[1],"13":[0],"14":[30],"15":[2],"16":[0],"17":[3],"18":[4],"19":[1],"20":[3],"21":[0],"22":[2],"23":[9],"24":[0],"25":[4],"26":[5],"27":[3],"28":[2],"29":[9],"30":[0]},"fnMap":{"0":{"name":"attrsToString","decl":{"start":{"line":6,"column":22},"end":{"line":8,"column":12}},"loc":{"start":{"line":6,"column":22},"end":{"line":8,"column":12}},"line":6},"1":{"name":"attrsToStyle","decl":{"start":{"line":10,"column":21},"end":{"line":12,"column":13}},"loc":{"start":{"line":10,"column":21},"end":{"line":12,"column":13}},"line":10},"2":{"name":"escapeHtml","decl":{"start":{"line":14,"column":0},"end":{"line":21,"column":1}},"loc":{"start":{"line":14,"column":0},"end":{"line":21,"column":1}},"line":14},"3":{"name":"defaultRenderFn","decl":{"start":{"line":23,"column":0},"end":{"line":27,"column":1}},"loc":{"start":{"line":23,"column":0},"end":{"line":27,"column":1}},"line":23},"4":{"name":"RichTextResolver","decl":{"start":{"line":29,"column":7},"end":{"line":210,"column":1}},"loc":{"start":{"line":29,"column":7},"end":{"line":210,"column":1}},"line":29},"5":{"name":"nodeResolver","decl":{"start":{"line":38,"column":23},"end":{"line":38,"column":181}},"loc":{"start":{"line":38,"column":23},"end":{"line":38,"column":181}},"line":38},"6":{"name":"imageResolver","decl":{"start":{"line":40,"column":41},"end":{"line":58,"column":4}},"loc":{"start":{"line":40,"column":41},"end":{"line":58,"column":4}},"line":40},"7":{"name":"headingResolver","decl":{"start":{"line":59,"column":43},"end":{"line":62,"column":3}},"loc":{"start":{"line":59,"column":43},"end":{"line":62,"column":3}},"line":59},"8":{"name":"emojiResolver","decl":{"start":{"line":64,"column":41},"end":{"line":75,"column":21}},"loc":{"start":{"line":64,"column":41},"end":{"line":75,"column":21}},"line":64},"9":{"name":"codeBlockResolver","decl":{"start":{"line":77,"column":45},"end":{"line":79,"column":3}},"loc":{"start":{"line":77,"column":45},"end":{"line":79,"column":3}},"line":77},"10":{"name":"markResolver","decl":{"start":{"line":82,"column":23},"end":{"line":89,"column":3}},"loc":{"start":{"line":82,"column":23},"end":{"line":89,"column":3}},"line":82},"11":{"name":"renderToT","decl":{"start":{"line":91,"column":20},"end":{"line":95,"column":3}},"loc":{"start":{"line":91,"column":20},"end":{"line":95,"column":3}},"line":91},"12":{"name":"textResolver","decl":{"start":{"line":98,"column":40},"end":{"line":113,"column":3}},"loc":{"start":{"line":98,"column":40},"end":{"line":113,"column":3}},"line":98},"13":{"name":"marks.reduce.renderToT","decl":{"start":{"line":105,"column":10},"end":{"line":105,"column":124}},"loc":{"start":{"line":105,"column":10},"end":{"line":105,"column":124}},"line":105},"14":{"name":"linkResolver","decl":{"start":{"line":117,"column":40},"end":{"line":140,"column":3}},"loc":{"start":{"line":117,"column":40},"end":{"line":140,"column":3}},"line":117},"15":{"name":"componentResolver","decl":{"start":{"line":143,"column":45},"end":{"line":151,"column":3}},"loc":{"start":{"line":143,"column":45},"end":{"line":151,"column":3}},"line":143},"16":{"name":"renderNode","decl":{"start":{"line":183,"column":2},"end":{"line":201,"column":3}},"loc":{"start":{"line":183,"column":2},"end":{"line":201,"column":3}},"line":183},"17":{"name":"render","decl":{"start":{"line":203,"column":2},"end":{"line":205,"column":3}},"loc":{"start":{"line":203,"column":2},"end":{"line":205,"column":3}},"line":203}},"f":{"0":5,"1":0,"2":3,"3":5,"4":3,"5":24,"6":0,"7":1,"8":0,"9":0,"10":30,"11":3,"12":4,"13":2,"14":0,"15":0,"16":9,"17":9}}
,"/Users/alvarosabu/Projects/storyblok/storyblok-richtext/src/types/index.ts": {"path":"/Users/alvarosabu/Projects/storyblok/storyblok-richtext/src/types/index.ts","all":false,"statementMap":{"0":{"start":{"line":1,"column":0},"end":{"line":1,"column":24}},"1":{"start":{"line":2,"column":0},"end":{"line":2,"column":19}},"2":{"start":{"line":3,"column":0},"end":{"line":3,"column":22}},"3":{"start":{"line":4,"column":0},"end":{"line":4,"column":26}},"4":{"start":{"line":5,"column":0},"end":{"line":5,"column":23}},"5":{"start":{"line":6,"column":0},"end":{"line":6,"column":27}},"6":{"start":{"line":7,"column":0},"end":{"line":7,"column":26}},"7":{"start":{"line":8,"column":0},"end":{"line":8,"column":26}},"8":{"start":{"line":9,"column":0},"end":{"line":9,"column":28}},"9":{"start":{"line":10,"column":0},"end":{"line":10,"column":25}},"10":{"start":{"line":11,"column":0},"end":{"line":11,"column":20}},"11":{"start":{"line":12,"column":0},"end":{"line":12,"column":18}},"12":{"start":{"line":13,"column":0},"end":{"line":13,"column":18}},"13":{"start":{"line":14,"column":0},"end":{"line":14,"column":21}},"14":{"start":{"line":15,"column":0},"end":{"line":15,"column":1}},"15":{"start":{"line":16,"column":0},"end":{"line":16,"column":0}},"16":{"start":{"line":17,"column":0},"end":{"line":17,"column":23}},"17":{"start":{"line":18,"column":0},"end":{"line":18,"column":16}},"18":{"start":{"line":19,"column":0},"end":{"line":19,"column":20}},"19":{"start":{"line":20,"column":0},"end":{"line":20,"column":20}},"20":{"start":{"line":21,"column":0},"end":{"line":21,"column":26}},"21":{"start":{"line":22,"column":0},"end":{"line":22,"column":20}},"22":{"start":{"line":23,"column":0},"end":{"line":23,"column":16}},"23":{"start":{"line":24,"column":0},"end":{"line":24,"column":16}},"24":{"start":{"line":25,"column":0},"end":{"line":25,"column":20}},"25":{"start":{"line":26,"column":0},"end":{"line":26,"column":20}},"26":{"start":{"line":27,"column":0},"end":{"line":27,"column":30}},"27":{"start":{"line":28,"column":0},"end":{"line":28,"column":26}},"28":{"start":{"line":29,"column":0},"end":{"line":29,"column":27}},"29":{"start":{"line":30,"column":0},"end":{"line":30,"column":26}},"30":{"start":{"line":31,"column":0},"end":{"line":31,"column":1}},"31":{"start":{"line":32,"column":0},"end":{"line":32,"column":0}},"32":{"start":{"line":33,"column":0},"end":{"line":33,"column":23}},"33":{"start":{"line":34,"column":0},"end":{"line":34,"column":16}},"34":{"start":{"line":35,"column":0},"end":{"line":35,"column":1}},"35":{"start":{"line":36,"column":0},"end":{"line":36,"column":0}},"36":{"start":{"line":37,"column":0},"end":{"line":37,"column":25}},"37":{"start":{"line":38,"column":0},"end":{"line":38,"column":17}},"38":{"start":{"line":39,"column":0},"end":{"line":39,"column":19}},"39":{"start":{"line":40,"column":0},"end":{"line":40,"column":1}},"40":{"start":{"line":41,"column":0},"end":{"line":41,"column":0}},"41":{"start":{"line":42,"column":0},"end":{"line":42,"column":23}},"42":{"start":{"line":43,"column":0},"end":{"line":43,"column":14}},"43":{"start":{"line":44,"column":0},"end":{"line":44,"column":18}},"44":{"start":{"line":45,"column":0},"end":{"line":45,"column":18}},"45":{"start":{"line":46,"column":0},"end":{"line":46,"column":18}},"46":{"start":{"line":47,"column":0},"end":{"line":47,"column":1}},"47":{"start":{"line":48,"column":0},"end":{"line":48,"column":0}},"48":{"start":{"line":49,"column":0},"end":{"line":49,"column":58}},"49":{"start":{"line":50,"column":0},"end":{"line":50,"column":0}},"50":{"start":{"line":51,"column":0},"end":{"line":51,"column":35}},"51":{"start":{"line":52,"column":0},"end":{"line":52,"column":17}},"52":{"start":{"line":53,"column":0},"end":{"line":53,"column":20}},"53":{"start":{"line":54,"column":0},"end":{"line":54,"column":14}},"54":{"start":{"line":55,"column":0},"end":{"line":55,"column":29}},"55":{"start":{"line":56,"column":0},"end":{"line":56,"column":15}},"56":{"start":{"line":57,"column":0},"end":{"line":57,"column":1}},"57":{"start":{"line":58,"column":0},"end":{"line":58,"column":0}},"58":{"start":{"line":59,"column":0},"end":{"line":59,"column":55}},"59":{"start":{"line":60,"column":0},"end":{"line":60,"column":41}},"60":{"start":{"line":61,"column":0},"end":{"line":61,"column":79}},"61":{"start":{"line":62,"column":0},"end":{"line":62,"column":28}},"62":{"start":{"line":63,"column":0},"end":{"line":63,"column":1}},"63":{"start":{"line":64,"column":0},"end":{"line":64,"column":0}},"64":{"start":{"line":65,"column":0},"end":{"line":65,"column":55}},"65":{"start":{"line":66,"column":0},"end":{"line":66,"column":24}},"66":{"start":{"line":67,"column":0},"end":{"line":67,"column":22}},"67":{"start":{"line":68,"column":0},"end":{"line":68,"column":25}},"68":{"start":{"line":69,"column":0},"end":{"line":69,"column":22}},"69":{"start":{"line":70,"column":0},"end":{"line":70,"column":20}},"70":{"start":{"line":71,"column":0},"end":{"line":71,"column":20}},"71":{"start":{"line":72,"column":0},"end":{"line":72,"column":22}},"72":{"start":{"line":73,"column":0},"end":{"line":73,"column":22}},"73":{"start":{"line":74,"column":0},"end":{"line":74,"column":27}},"74":{"start":{"line":75,"column":0},"end":{"line":75,"column":25}},"75":{"start":{"line":76,"column":0},"end":{"line":76,"column":26}},"76":{"start":{"line":77,"column":0},"end":{"line":77,"column":23}},"77":{"start":{"line":78,"column":0},"end":{"line":78,"column":29}},"78":{"start":{"line":79,"column":0},"end":{"line":79,"column":21}},"79":{"start":{"line":80,"column":0},"end":{"line":80,"column":1}},"80":{"start":{"line":81,"column":0},"end":{"line":81,"column":0}},"81":{"start":{"line":82,"column":0},"end":{"line":82,"column":55}},"82":{"start":{"line":83,"column":0},"end":{"line":83,"column":22}},"83":{"start":{"line":84,"column":0},"end":{"line":84,"column":14}},"84":{"start":{"line":85,"column":0},"end":{"line":85,"column":23}},"85":{"start":{"line":86,"column":0},"end":{"line":86,"column":1}},"86":{"start":{"line":87,"column":0},"end":{"line":87,"column":0}},"87":{"start":{"line":88,"column":0},"end":{"line":88,"column":101}},"88":{"start":{"line":89,"column":0},"end":{"line":89,"column":0}},"89":{"start":{"line":90,"column":0},"end":{"line":90,"column":43}},"90":{"start":{"line":91,"column":0},"end":{"line":91,"column":15}},"91":{"start":{"line":92,"column":0},"end":{"line":92,"column":15}},"92":{"start":{"line":93,"column":0},"end":{"line":93,"column":16}},"93":{"start":{"line":94,"column":0},"end":{"line":94,"column":27}},"94":{"start":{"line":95,"column":0},"end":{"line":95,"column":12}},"95":{"start":{"line":96,"column":0},"end":{"line":96,"column":16}},"96":{"start":{"line":97,"column":0},"end":{"line":97,"column":22}},"97":{"start":{"line":98,"column":0},"end":{"line":98,"column":23}},"98":{"start":{"line":99,"column":0},"end":{"line":99,"column":34}},"99":{"start":{"line":100,"column":0},"end":{"line":100,"column":22}},"100":{"start":{"line":101,"column":0},"end":{"line":101,"column":19}},"101":{"start":{"line":102,"column":0},"end":{"line":102,"column":26}},"102":{"start":{"line":103,"column":0},"end":{"line":103,"column":3}},"103":{"start":{"line":104,"column":0},"end":{"line":104,"column":38}},"104":{"start":{"line":105,"column":0},"end":{"line":105,"column":17}},"105":{"start":{"line":106,"column":0},"end":{"line":106,"column":1}},"106":{"start":{"line":107,"column":0},"end":{"line":107,"column":0}},"107":{"start":{"line":108,"column":0},"end":{"line":108,"column":114}},"108":{"start":{"line":109,"column":0},"end":{"line":109,"column":14}},"109":{"start":{"line":110,"column":0},"end":{"line":110,"column":19}},"110":{"start":{"line":111,"column":0},"end":{"line":111,"column":57}},"111":{"start":{"line":112,"column":0},"end":{"line":112,"column":62}},"112":{"start":{"line":113,"column":0},"end":{"line":113,"column":1}}},"s":{"0":1,"1":1,"2":1,"3":1,"4":1,"5":1,"6":1,"7":1,"8":1,"9":1,"10":1,"11":1,"12":1,"13":1,"14":1,"15":1,"16":1,"17":1,"18":1,"19":1,"20":1,"21":1,"22":1,"23":1,"24":1,"25":1,"26":1,"27":1,"28":1,"29":1,"30":1,"31":1,"32":1,"33":1,"34":1,"35":1,"36":1,"37":1,"38":1,"39":1,"40":1,"41":1,"42":1,"43":1,"44":1,"45":1,"46":1,"47":1,"48":1,"49":1,"50":1,"51":1,"52":1,"53":1,"54":1,"55":1,"56":1,"57":1,"58":1,"59":1,"60":1,"61":1,"62":1,"63":1,"64":1,"65":1,"66":1,"67":1,"68":1,"69":1,"70":1,"71":1,"72":1,"73":1,"74":1,"75":1,"76":1,"77":1,"78":1,"79":1,"80":1,"81":1,"82":1,"83":1,"84":1,"85":1,"86":1,"87":1,"88":1,"89":1,"90":1,"91":1,"92":1,"93":1,"94":1,"95":1,"96":1,"97":1,"98":1,"99":1,"100":1,"101":1,"102":1,"103":1,"104":1,"105":1,"106":1,"107":1,"108":1,"109":1,"110":1,"111":1,"112":1},"branchMap":{"0":{"type":"branch","line":1,"loc":{"start":{"line":1,"column":7},"end":{"line":1,"column":24}},"locations":[{"start":{"line":1,"column":7},"end":{"line":1,"column":24}}]},"1":{"type":"branch","line":17,"loc":{"start":{"line":17,"column":7},"end":{"line":17,"column":23}},"locations":[{"start":{"line":17,"column":7},"end":{"line":17,"column":23}}]},"2":{"type":"branch","line":33,"loc":{"start":{"line":33,"column":7},"end":{"line":33,"column":23}},"locations":[{"start":{"line":33,"column":7},"end":{"line":33,"column":23}}]},"3":{"type":"branch","line":37,"loc":{"start":{"line":37,"column":7},"end":{"line":37,"column":25}},"locations":[{"start":{"line":37,"column":7},"end":{"line":37,"column":25}}]},"4":{"type":"branch","line":42,"loc":{"start":{"line":42,"column":7},"end":{"line":42,"column":23}},"locations":[{"start":{"line":42,"column":7},"end":{"line":42,"column":23}}]}},"b":{"0":[1],"1":[1],"2":[1],"3":[1],"4":[1]},"fnMap":{},"f":{}}
}
